<?xml version="1.0" encoding="utf-8"?><testsuites name="pytest tests"><testsuite name="pytest" errors="198" failures="0" skipped="0" tests="198" time="8.395" timestamp="2026-09-20T15:43:36.912525+00:00" hostname="localhost"><testcase classname="" name="src.deepaha.api.local_human_test" time="0.000"><error message="collection failure">ImportError while importing test module '/mnt/data/iteration2/DeepAha_Experience/backend/src/deepaha/api/local_human_test.py'.
Hint: make sure your test modules/packages have valid Python names.
Traceback:
/usr/lib/python3.13/importlib/__init__.py:88: in import_module
    return _bootstrap._gcd_import(name[level:], package, level)
           ^^^^^^^^^^^^^^^^^^^^^^^^^^^^^^^^^^^^^^^^^^^^^^^^^^^^
backend/src/deepaha/api/local_human_test.py:13: in &lt;module&gt;
    from deepaha.acquisition.recipes import load_recipe_manifest
backend/src/deepaha/acquisition/__init__.py:3: in &lt;module&gt;
    from deepaha.acquisition.official_evidence import (
backend/src/deepaha/acquisition/official_evidence.py:6: in &lt;module&gt;
    from uuid import uuid7
E   ImportError: cannot import name 'uuid7' from 'uuid' (/usr/lib/python3.13/uuid.py). Did you mean: 'uuid1'?</error></testcase><testcase classname="" name="tests.acquisition.test_contracts" time="0.000"><error message="collection failure">ImportError while importing test module '/mnt/data/iteration2/DeepAha_Experience/backend/tests/acquisition/test_contracts.py'.
Hint: make sure your test modules/packages have valid Python names.
Traceback:
/usr/lib/python3.13/importlib/__init__.py:88: in import_module
    return _bootstrap._gcd_import(name[level:], package, level)
           ^^^^^^^^^^^^^^^^^^^^^^^^^^^^^^^^^^^^^^^^^^^^^^^^^^^^
backend/tests/acquisition/test_contracts.py:8: in &lt;module&gt;
    from deepaha.acquisition.contracts import (
backend/src/deepaha/acquisition/__init__.py:3: in &lt;module&gt;
    from deepaha.acquisition.official_evidence import (
backend/src/deepaha/acquisition/official_evidence.py:6: in &lt;module&gt;
    from uuid import uuid7
E   ImportError: cannot import name 'uuid7' from 'uuid' (/usr/lib/python3.13/uuid.py). Did you mean: 'uuid1'?</error></testcase><testcase classname="" name="tests.acquisition.test_discovery" time="0.000"><error message="collection failure">ImportError while importing test module '/mnt/data/iteration2/DeepAha_Experience/backend/tests/acquisition/test_discovery.py'.
Hint: make sure your test modules/packages have valid Python names.
Traceback:
/usr/lib/python3.13/importlib/__init__.py:88: in import_module
    return _bootstrap._gcd_import(name[level:], package, level)
           ^^^^^^^^^^^^^^^^^^^^^^^^^^^^^^^^^^^^^^^^^^^^^^^^^^^^
backend/tests/acquisition/test_discovery.py:5: in &lt;module&gt;
    from deepaha.acquisition.contracts import SourceRecipe, SourceRecipeManifest
backend/src/deepaha/acquisition/__init__.py:3: in &lt;module&gt;
    from deepaha.acquisition.official_evidence import (
backend/src/deepaha/acquisition/official_evidence.py:6: in &lt;module&gt;
    from uuid import uuid7
E   ImportError: cannot import name 'uuid7' from 'uuid' (/usr/lib/python3.13/uuid.py). Did you mean: 'uuid1'?</error></testcase><testcase classname="" name="tests.acquisition.test_health" time="0.000"><error message="collection failure">ImportError while importing test module '/mnt/data/iteration2/DeepAha_Experience/backend/tests/acquisition/test_health.py'.
Hint: make sure your test modules/packages have valid Python names.
Traceback:
/usr/lib/python3.13/importlib/__init__.py:88: in import_module
    return _bootstrap._gcd_import(name[level:], package, level)
           ^^^^^^^^^^^^^^^^^^^^^^^^^^^^^^^^^^^^^^^^^^^^^^^^^^^^
backend/tests/acquisition/test_health.py:5: in &lt;module&gt;
    from deepaha.acquisition.contracts import (
backend/src/deepaha/acquisition/__init__.py:3: in &lt;module&gt;
    from deepaha.acquisition.official_evidence import (
backend/src/deepaha/acquisition/official_evidence.py:6: in &lt;module&gt;
    from uuid import uuid7
E   ImportError: cannot import name 'uuid7' from 'uuid' (/usr/lib/python3.13/uuid.py). Did you mean: 'uuid1'?</error></testcase><testcase classname="" name="tests.acquisition.test_official_evidence" time="0.000"><error message="collection failure">ImportError while importing test module '/mnt/data/iteration2/DeepAha_Experience/backend/tests/acquisition/test_official_evidence.py'.
Hint: make sure your test modules/packages have valid Python names.
Traceback:
/usr/lib/python3.13/importlib/__init__.py:88: in import_module
    return _bootstrap._gcd_import(name[level:], package, level)
           ^^^^^^^^^^^^^^^^^^^^^^^^^^^^^^^^^^^^^^^^^^^^^^^^^^^^
backend/tests/acquisition/test_official_evidence.py:7: in &lt;module&gt;
    from deepaha.acquisition import OfficialEvidenceTask as PublicOfficialEvidenceTask
backend/src/deepaha/acquisition/__init__.py:3: in &lt;module&gt;
    from deepaha.acquisition.official_evidence import (
backend/src/deepaha/acquisition/official_evidence.py:6: in &lt;module&gt;
    from uuid import uuid7
E   ImportError: cannot import name 'uuid7' from 'uuid' (/usr/lib/python3.13/uuid.py). Did you mean: 'uuid1'?</error></testcase><testcase classname="" name="tests.acquisition.test_orchestrator" time="0.000"><error message="collection failure">ImportError while importing test module '/mnt/data/iteration2/DeepAha_Experience/backend/tests/acquisition/test_orchestrator.py'.
Hint: make sure your test modules/packages have valid Python names.
Traceback:
/usr/lib/python3.13/importlib/__init__.py:88: in import_module
    return _bootstrap._gcd_import(name[level:], package, level)
           ^^^^^^^^^^^^^^^^^^^^^^^^^^^^^^^^^^^^^^^^^^^^^^^^^^^^
backend/tests/acquisition/test_orchestrator.py:5: in &lt;module&gt;
    from uuid import UUID, uuid7
E   ImportError: cannot import name 'uuid7' from 'uuid' (/usr/lib/python3.13/uuid.py). Did you mean: 'uuid1'?</error></testcase><testcase classname="" name="tests.acquisition.test_recipes" time="0.000"><error message="collection failure">ImportError while importing test module '/mnt/data/iteration2/DeepAha_Experience/backend/tests/acquisition/test_recipes.py'.
Hint: make sure your test modules/packages have valid Python names.
Traceback:
/usr/lib/python3.13/importlib/__init__.py:88: in import_module
    return _bootstrap._gcd_import(name[level:], package, level)
           ^^^^^^^^^^^^^^^^^^^^^^^^^^^^^^^^^^^^^^^^^^^^^^^^^^^^
backend/tests/acquisition/test_recipes.py:8: in &lt;module&gt;
    from deepaha.acquisition.contracts import SourceRecipeManifest
backend/src/deepaha/acquisition/__init__.py:3: in &lt;module&gt;
    from deepaha.acquisition.official_evidence import (
backend/src/deepaha/acquisition/official_evidence.py:6: in &lt;module&gt;
    from uuid import uuid7
E   ImportError: cannot import name 'uuid7' from 'uuid' (/usr/lib/python3.13/uuid.py). Did you mean: 'uuid1'?</error></testcase><testcase classname="" name="tests.acquisition.test_replay" time="0.000"><error message="collection failure">ImportError while importing test module '/mnt/data/iteration2/DeepAha_Experience/backend/tests/acquisition/test_replay.py'.
Hint: make sure your test modules/packages have valid Python names.
Traceback:
/usr/lib/python3.13/importlib/__init__.py:88: in import_module
    return _bootstrap._gcd_import(name[level:], package, level)
           ^^^^^^^^^^^^^^^^^^^^^^^^^^^^^^^^^^^^^^^^^^^^^^^^^^^^
backend/tests/acquisition/test_replay.py:10: in &lt;module&gt;
    from deepaha.acquisition.contracts import (
backend/src/deepaha/acquisition/__init__.py:3: in &lt;module&gt;
    from deepaha.acquisition.official_evidence import (
backend/src/deepaha/acquisition/official_evidence.py:6: in &lt;module&gt;
    from uuid import uuid7
E   ImportError: cannot import name 'uuid7' from 'uuid' (/usr/lib/python3.13/uuid.py). Did you mean: 'uuid1'?</error></testcase><testcase classname="" name="tests.acquisition.test_validation" time="0.000"><error message="collection failure">ImportError while importing test module '/mnt/data/iteration2/DeepAha_Experience/backend/tests/acquisition/test_validation.py'.
Hint: make sure your test modules/packages have valid Python names.
Traceback:
/usr/lib/python3.13/importlib/__init__.py:88: in import_module
    return _bootstrap._gcd_import(name[level:], package, level)
           ^^^^^^^^^^^^^^^^^^^^^^^^^^^^^^^^^^^^^^^^^^^^^^^^^^^^
backend/tests/acquisition/test_validation.py:8: in &lt;module&gt;
    from deepaha.acquisition.contracts import (
backend/src/deepaha/acquisition/__init__.py:3: in &lt;module&gt;
    from deepaha.acquisition.official_evidence import (
backend/src/deepaha/acquisition/official_evidence.py:6: in &lt;module&gt;
    from uuid import uuid7
E   ImportError: cannot import name 'uuid7' from 'uuid' (/usr/lib/python3.13/uuid.py). Did you mean: 'uuid1'?</error></testcase><testcase classname="" name="tests.api.test_cross_level_preview" time="0.000"><error message="collection failure">ImportError while importing test module '/mnt/data/iteration2/DeepAha_Experience/backend/tests/api/test_cross_level_preview.py'.
Hint: make sure your test modules/packages have valid Python names.
Traceback:
/usr/lib/python3.13/importlib/__init__.py:88: in import_module
    return _bootstrap._gcd_import(name[level:], package, level)
           ^^^^^^^^^^^^^^^^^^^^^^^^^^^^^^^^^^^^^^^^^^^^^^^^^^^^
backend/tests/api/test_cross_level_preview.py:4: in &lt;module&gt;
    from uuid import uuid7
E   ImportError: cannot import name 'uuid7' from 'uuid' (/usr/lib/python3.13/uuid.py). Did you mean: 'uuid1'?</error></testcase><testcase classname="" name="tests.api.test_feedback" time="0.000"><error message="collection failure">ImportError while importing test module '/mnt/data/iteration2/DeepAha_Experience/backend/tests/api/test_feedback.py'.
Hint: make sure your test modules/packages have valid Python names.
Traceback:
/usr/lib/python3.13/importlib/__init__.py:88: in import_module
    return _bootstrap._gcd_import(name[level:], package, level)
           ^^^^^^^^^^^^^^^^^^^^^^^^^^^^^^^^^^^^^^^^^^^^^^^^^^^^
backend/tests/api/test_feedback.py:8: in &lt;module&gt;
    from deepaha.api.feedback import get_feedback_service
backend/src/deepaha/api/feedback.py:7: in &lt;module&gt;
    from deepaha.api.personal import (
backend/src/deepaha/api/personal.py:20: in &lt;module&gt;
    from deepaha.eligibility.service import EligibilityService
backend/src/deepaha/eligibility/__init__.py:9: in &lt;module&gt;
    from deepaha.eligibility.service import (
backend/src/deepaha/eligibility/service.py:7: in &lt;module&gt;
    from uuid import UUID, uuid7
E   ImportError: cannot import name 'uuid7' from 'uuid' (/usr/lib/python3.13/uuid.py). Did you mean: 'uuid1'?</error></testcase><testcase classname="" name="tests.api.test_group_applicability" time="0.000"><error message="collection failure">ImportError while importing test module '/mnt/data/iteration2/DeepAha_Experience/backend/tests/api/test_group_applicability.py'.
Hint: make sure your test modules/packages have valid Python names.
Traceback:
/usr/lib/python3.13/importlib/__init__.py:88: in import_module
    return _bootstrap._gcd_import(name[level:], package, level)
           ^^^^^^^^^^^^^^^^^^^^^^^^^^^^^^^^^^^^^^^^^^^^^^^^^^^^
backend/tests/api/test_group_applicability.py:3: in &lt;module&gt;
    from uuid import uuid7
E   ImportError: cannot import name 'uuid7' from 'uuid' (/usr/lib/python3.13/uuid.py). Did you mean: 'uuid1'?</error></testcase><testcase classname="" name="tests.api.test_group_facts" time="0.000"><error message="collection failure">ImportError while importing test module '/mnt/data/iteration2/DeepAha_Experience/backend/tests/api/test_group_facts.py'.
Hint: make sure your test modules/packages have valid Python names.
Traceback:
/usr/lib/python3.13/importlib/__init__.py:88: in import_module
    return _bootstrap._gcd_import(name[level:], package, level)
           ^^^^^^^^^^^^^^^^^^^^^^^^^^^^^^^^^^^^^^^^^^^^^^^^^^^^
backend/tests/api/test_group_facts.py:4: in &lt;module&gt;
    from uuid import UUID, uuid7
E   ImportError: cannot import name 'uuid7' from 'uuid' (/usr/lib/python3.13/uuid.py). Did you mean: 'uuid1'?</error></testcase><testcase classname="" name="tests.api.test_group_inheritance" time="0.000"><error message="collection failure">ImportError while importing test module '/mnt/data/iteration2/DeepAha_Experience/backend/tests/api/test_group_inheritance.py'.
Hint: make sure your test modules/packages have valid Python names.
Traceback:
/usr/lib/python3.13/importlib/__init__.py:88: in import_module
    return _bootstrap._gcd_import(name[level:], package, level)
           ^^^^^^^^^^^^^^^^^^^^^^^^^^^^^^^^^^^^^^^^^^^^^^^^^^^^
backend/tests/api/test_group_inheritance.py:3: in &lt;module&gt;
    from uuid import uuid7
E   ImportError: cannot import name 'uuid7' from 'uuid' (/usr/lib/python3.13/uuid.py). Did you mean: 'uuid1'?</error></testcase><testcase classname="" name="tests.api.test_group_inheritance_contract" time="0.000"><error message="collection failure">ImportError while importing test module '/mnt/data/iteration2/DeepAha_Experience/backend/tests/api/test_group_inheritance_contract.py'.
Hint: make sure your test modules/packages have valid Python names.
Traceback:
/usr/lib/python3.13/importlib/__init__.py:88: in import_module
    return _bootstrap._gcd_import(name[level:], package, level)
           ^^^^^^^^^^^^^^^^^^^^^^^^^^^^^^^^^^^^^^^^^^^^^^^^^^^^
backend/tests/api/test_group_inheritance_contract.py:10: in &lt;module&gt;
    from deepaha.investigations.group_inheritance_contracts import GroupInheritancePreview
backend/src/deepaha/investigations/group_inheritance_contracts.py:10: in &lt;module&gt;
    from deepaha.investigations.group_applicability_decision_contracts import (
backend/src/deepaha/investigations/group_applicability_decision_contracts.py:14: in &lt;module&gt;
    from deepaha.investigations.group_applicability_decisions import DecideGroupApplicability
backend/src/deepaha/investigations/group_applicability_decisions.py:7: in &lt;module&gt;
    from uuid import UUID, uuid7
E   ImportError: cannot import name 'uuid7' from 'uuid' (/usr/lib/python3.13/uuid.py). Did you mean: 'uuid1'?</error></testcase><testcase classname="" name="tests.api.test_group_rule_preview" time="0.000"><error message="collection failure">ImportError while importing test module '/mnt/data/iteration2/DeepAha_Experience/backend/tests/api/test_group_rule_preview.py'.
Hint: make sure your test modules/packages have valid Python names.
Traceback:
/usr/lib/python3.13/importlib/__init__.py:88: in import_module
    return _bootstrap._gcd_import(name[level:], package, level)
           ^^^^^^^^^^^^^^^^^^^^^^^^^^^^^^^^^^^^^^^^^^^^^^^^^^^^
backend/tests/api/test_group_rule_preview.py:4: in &lt;module&gt;
    from uuid import UUID, uuid7
E   ImportError: cannot import name 'uuid7' from 'uuid' (/usr/lib/python3.13/uuid.py). Did you mean: 'uuid1'?</error></testcase><testcase classname="" name="tests.api.test_group_rule_review" time="0.000"><error message="collection failure">ImportError while importing test module '/mnt/data/iteration2/DeepAha_Experience/backend/tests/api/test_group_rule_review.py'.
Hint: make sure your test modules/packages have valid Python names.
Traceback:
/usr/lib/python3.13/importlib/__init__.py:88: in import_module
    return _bootstrap._gcd_import(name[level:], package, level)
           ^^^^^^^^^^^^^^^^^^^^^^^^^^^^^^^^^^^^^^^^^^^^^^^^^^^^
backend/tests/api/test_group_rule_review.py:4: in &lt;module&gt;
    from uuid import UUID, uuid7
E   ImportError: cannot import name 'uuid7' from 'uuid' (/usr/lib/python3.13/uuid.py). Did you mean: 'uuid1'?</error></testcase><testcase classname="" name="tests.api.test_investigation_announcement_snapshots" time="0.000"><error message="collection failure">ImportError while importing test module '/mnt/data/iteration2/DeepAha_Experience/backend/tests/api/test_investigation_announcement_snapshots.py'.
Hint: make sure your test modules/packages have valid Python names.
Traceback:
/usr/lib/python3.13/importlib/__init__.py:88: in import_module
    return _bootstrap._gcd_import(name[level:], package, level)
           ^^^^^^^^^^^^^^^^^^^^^^^^^^^^^^^^^^^^^^^^^^^^^^^^^^^^
backend/tests/api/test_investigation_announcement_snapshots.py:3: in &lt;module&gt;
    from uuid import uuid7
E   ImportError: cannot import name 'uuid7' from 'uuid' (/usr/lib/python3.13/uuid.py). Did you mean: 'uuid1'?</error></testcase><testcase classname="" name="tests.api.test_investigation_dispatch" time="0.000"><error message="collection failure">ImportError while importing test module '/mnt/data/iteration2/DeepAha_Experience/backend/tests/api/test_investigation_dispatch.py'.
Hint: make sure your test modules/packages have valid Python names.
Traceback:
/usr/lib/python3.13/importlib/__init__.py:88: in import_module
    return _bootstrap._gcd_import(name[level:], package, level)
           ^^^^^^^^^^^^^^^^^^^^^^^^^^^^^^^^^^^^^^^^^^^^^^^^^^^^
backend/tests/api/test_investigation_dispatch.py:4: in &lt;module&gt;
    from uuid import uuid7
E   ImportError: cannot import name 'uuid7' from 'uuid' (/usr/lib/python3.13/uuid.py). Did you mean: 'uuid1'?</error></testcase><testcase classname="" name="tests.api.test_investigation_document_exclusions" time="0.000"><error message="collection failure">ImportError while importing test module '/mnt/data/iteration2/DeepAha_Experience/backend/tests/api/test_investigation_document_exclusions.py'.
Hint: make sure your test modules/packages have valid Python names.
Traceback:
/usr/lib/python3.13/importlib/__init__.py:88: in import_module
    return _bootstrap._gcd_import(name[level:], package, level)
           ^^^^^^^^^^^^^^^^^^^^^^^^^^^^^^^^^^^^^^^^^^^^^^^^^^^^
backend/tests/api/test_investigation_document_exclusions.py:13: in &lt;module&gt;
    from uuid import UUID, uuid7
E   ImportError: cannot import name 'uuid7' from 'uuid' (/usr/lib/python3.13/uuid.py). Did you mean: 'uuid1'?</error></testcase><testcase classname="" name="tests.api.test_investigation_group_sources" time="0.000"><error message="collection failure">ImportError while importing test module '/mnt/data/iteration2/DeepAha_Experience/backend/tests/api/test_investigation_group_sources.py'.
Hint: make sure your test modules/packages have valid Python names.
Traceback:
/usr/lib/python3.13/importlib/__init__.py:88: in import_module
    return _bootstrap._gcd_import(name[level:], package, level)
           ^^^^^^^^^^^^^^^^^^^^^^^^^^^^^^^^^^^^^^^^^^^^^^^^^^^^
backend/tests/api/test_investigation_group_sources.py:3: in &lt;module&gt;
    from uuid import UUID, uuid7
E   ImportError: cannot import name 'uuid7' from 'uuid' (/usr/lib/python3.13/uuid.py). Did you mean: 'uuid1'?</error></testcase><testcase classname="" name="tests.api.test_investigation_rule_applicability" time="0.000"><error message="collection failure">ImportError while importing test module '/mnt/data/iteration2/DeepAha_Experience/backend/tests/api/test_investigation_rule_applicability.py'.
Hint: make sure your test modules/packages have valid Python names.
Traceback:
/usr/lib/python3.13/importlib/__init__.py:88: in import_module
    return _bootstrap._gcd_import(name[level:], package, level)
           ^^^^^^^^^^^^^^^^^^^^^^^^^^^^^^^^^^^^^^^^^^^^^^^^^^^^
backend/tests/api/test_investigation_rule_applicability.py:3: in &lt;module&gt;
    from uuid import uuid7
E   ImportError: cannot import name 'uuid7' from 'uuid' (/usr/lib/python3.13/uuid.py). Did you mean: 'uuid1'?</error></testcase><testcase classname="" name="tests.api.test_investigation_runtime" time="0.000"><error message="collection failure">ImportError while importing test module '/mnt/data/iteration2/DeepAha_Experience/backend/tests/api/test_investigation_runtime.py'.
Hint: make sure your test modules/packages have valid Python names.
Traceback:
/usr/lib/python3.13/importlib/__init__.py:88: in import_module
    return _bootstrap._gcd_import(name[level:], package, level)
           ^^^^^^^^^^^^^^^^^^^^^^^^^^^^^^^^^^^^^^^^^^^^^^^^^^^^
backend/tests/api/test_investigation_runtime.py:10: in &lt;module&gt;
    from deepaha.api import investigation_runtime as runtime_api
backend/src/deepaha/api/investigation_runtime.py:7: in &lt;module&gt;
    from deepaha.api.investigations import PrincipalDep, StoreDep, list_sources, problem
backend/src/deepaha/api/investigations.py:11: in &lt;module&gt;
    from deepaha.api.local_human_test import (
backend/src/deepaha/api/local_human_test.py:13: in &lt;module&gt;
    from deepaha.acquisition.recipes import load_recipe_manifest
backend/src/deepaha/acquisition/__init__.py:3: in &lt;module&gt;
    from deepaha.acquisition.official_evidence import (
backend/src/deepaha/acquisition/official_evidence.py:6: in &lt;module&gt;
    from uuid import uuid7
E   ImportError: cannot import name 'uuid7' from 'uuid' (/usr/lib/python3.13/uuid.py). Did you mean: 'uuid1'?</error></testcase><testcase classname="" name="tests.api.test_investigation_unit_plans" time="0.000"><error message="collection failure">ImportError while importing test module '/mnt/data/iteration2/DeepAha_Experience/backend/tests/api/test_investigation_unit_plans.py'.
Hint: make sure your test modules/packages have valid Python names.
Traceback:
/usr/lib/python3.13/importlib/__init__.py:88: in import_module
    return _bootstrap._gcd_import(name[level:], package, level)
           ^^^^^^^^^^^^^^^^^^^^^^^^^^^^^^^^^^^^^^^^^^^^^^^^^^^^
backend/tests/api/test_investigation_unit_plans.py:4: in &lt;module&gt;
    from uuid import uuid7
E   ImportError: cannot import name 'uuid7' from 'uuid' (/usr/lib/python3.13/uuid.py). Did you mean: 'uuid1'?</error></testcase><testcase classname="" name="tests.api.test_investigations" time="0.000"><error message="collection failure">ImportError while importing test module '/mnt/data/iteration2/DeepAha_Experience/backend/tests/api/test_investigations.py'.
Hint: make sure your test modules/packages have valid Python names.
Traceback:
/usr/lib/python3.13/importlib/__init__.py:88: in import_module
    return _bootstrap._gcd_import(name[level:], package, level)
           ^^^^^^^^^^^^^^^^^^^^^^^^^^^^^^^^^^^^^^^^^^^^^^^^^^^^
backend/tests/api/test_investigations.py:4: in &lt;module&gt;
    from uuid import uuid7
E   ImportError: cannot import name 'uuid7' from 'uuid' (/usr/lib/python3.13/uuid.py). Did you mean: 'uuid1'?</error></testcase><testcase classname="" name="tests.api.test_local_human_test" time="0.000"><error message="collection failure">ImportError while importing test module '/mnt/data/iteration2/DeepAha_Experience/backend/tests/api/test_local_human_test.py'.
Hint: make sure your test modules/packages have valid Python names.
Traceback:
/usr/lib/python3.13/importlib/__init__.py:88: in import_module
    return _bootstrap._gcd_import(name[level:], package, level)
           ^^^^^^^^^^^^^^^^^^^^^^^^^^^^^^^^^^^^^^^^^^^^^^^^^^^^
backend/tests/api/test_local_human_test.py:10: in &lt;module&gt;
    from deepaha.acquisition.contracts import SourceUsageRole
backend/src/deepaha/acquisition/__init__.py:3: in &lt;module&gt;
    from deepaha.acquisition.official_evidence import (
backend/src/deepaha/acquisition/official_evidence.py:6: in &lt;module&gt;
    from uuid import uuid7
E   ImportError: cannot import name 'uuid7' from 'uuid' (/usr/lib/python3.13/uuid.py). Did you mean: 'uuid1'?</error></testcase><testcase classname="" name="tests.api.test_local_human_test_security" time="0.000"><error message="collection failure">ImportError while importing test module '/mnt/data/iteration2/DeepAha_Experience/backend/tests/api/test_local_human_test_security.py'.
Hint: make sure your test modules/packages have valid Python names.
Traceback:
/usr/lib/python3.13/importlib/__init__.py:88: in import_module
    return _bootstrap._gcd_import(name[level:], package, level)
           ^^^^^^^^^^^^^^^^^^^^^^^^^^^^^^^^^^^^^^^^^^^^^^^^^^^^
backend/tests/api/test_local_human_test_security.py:11: in &lt;module&gt;
    from deepaha.api.local_human_test import (
backend/src/deepaha/api/local_human_test.py:13: in &lt;module&gt;
    from deepaha.acquisition.recipes import load_recipe_manifest
backend/src/deepaha/acquisition/__init__.py:3: in &lt;module&gt;
    from deepaha.acquisition.official_evidence import (
backend/src/deepaha/acquisition/official_evidence.py:6: in &lt;module&gt;
    from uuid import uuid7
E   ImportError: cannot import name 'uuid7' from 'uuid' (/usr/lib/python3.13/uuid.py). Did you mean: 'uuid1'?</error></testcase><testcase classname="" name="tests.api.test_personal" time="0.000"><error message="collection failure">ImportError while importing test module '/mnt/data/iteration2/DeepAha_Experience/backend/tests/api/test_personal.py'.
Hint: make sure your test modules/packages have valid Python names.
Traceback:
/usr/lib/python3.13/importlib/__init__.py:88: in import_module
    return _bootstrap._gcd_import(name[level:], package, level)
           ^^^^^^^^^^^^^^^^^^^^^^^^^^^^^^^^^^^^^^^^^^^^^^^^^^^^
backend/tests/api/test_personal.py:8: in &lt;module&gt;
    from deepaha.api.personal import (
backend/src/deepaha/api/personal.py:20: in &lt;module&gt;
    from deepaha.eligibility.service import EligibilityService
backend/src/deepaha/eligibility/__init__.py:9: in &lt;module&gt;
    from deepaha.eligibility.service import (
backend/src/deepaha/eligibility/service.py:7: in &lt;module&gt;
    from uuid import UUID, uuid7
E   ImportError: cannot import name 'uuid7' from 'uuid' (/usr/lib/python3.13/uuid.py). Did you mean: 'uuid1'?</error></testcase><testcase classname="" name="tests.api.test_public_opportunities" time="0.000"><error message="collection failure">backend/tests/api/test_public_opportunities.py:10: in &lt;module&gt;
    from deepaha.api.public_opportunities import get_public_catalog_service
backend/src/deepaha/api/public_opportunities.py:16: in &lt;module&gt;
    from deepaha.public_catalog.service import PublicCatalogService
backend/src/deepaha/public_catalog/service.py:19: in &lt;module&gt;
    from deepaha.opportunities.models import Opportunity, OpportunityEvent, OpportunityVersion
backend/src/deepaha/opportunities/__init__.py:2: in &lt;module&gt;
    from deepaha.opportunities.resolver import resolve_document
backend/src/deepaha/opportunities/resolver.py:4: in &lt;module&gt;
    from deepaha.opportunities.identity import (
backend/src/deepaha/opportunities/identity.py:13: in &lt;module&gt;
    from deepaha.opportunities.types import UNSET, OpportunityPatch
backend/src/deepaha/opportunities/types.py:92: in &lt;module&gt;
    class ResolutionIndex:
backend/src/deepaha/opportunities/types.py:119: in ResolutionIndex
    def empty(cls) -&gt; ResolutionIndex:
                      ^^^^^^^^^^^^^^^
E   NameError: name 'ResolutionIndex' is not defined</error></testcase><testcase classname="" name="tests.api.test_relation_review_api" time="0.000"><error message="collection failure">ImportError while importing test module '/mnt/data/iteration2/DeepAha_Experience/backend/tests/api/test_relation_review_api.py'.
Hint: make sure your test modules/packages have valid Python names.
Traceback:
/usr/lib/python3.13/importlib/__init__.py:88: in import_module
    return _bootstrap._gcd_import(name[level:], package, level)
           ^^^^^^^^^^^^^^^^^^^^^^^^^^^^^^^^^^^^^^^^^^^^^^^^^^^^
backend/tests/api/test_relation_review_api.py:3: in &lt;module&gt;
    from uuid import uuid7
E   ImportError: cannot import name 'uuid7' from 'uuid' (/usr/lib/python3.13/uuid.py). Did you mean: 'uuid1'?</error></testcase><testcase classname="" name="tests.api.test_reminders" time="0.000"><error message="collection failure">ImportError while importing test module '/mnt/data/iteration2/DeepAha_Experience/backend/tests/api/test_reminders.py'.
Hint: make sure your test modules/packages have valid Python names.
Traceback:
/usr/lib/python3.13/importlib/__init__.py:88: in import_module
    return _bootstrap._gcd_import(name[level:], package, level)
           ^^^^^^^^^^^^^^^^^^^^^^^^^^^^^^^^^^^^^^^^^^^^^^^^^^^^
backend/tests/api/test_reminders.py:8: in &lt;module&gt;
    from deepaha.api.personal import require_principal
backend/src/deepaha/api/personal.py:20: in &lt;module&gt;
    from deepaha.eligibility.service import EligibilityService
backend/src/deepaha/eligibility/__init__.py:9: in &lt;module&gt;
    from deepaha.eligibility.service import (
backend/src/deepaha/eligibility/service.py:7: in &lt;module&gt;
    from uuid import UUID, uuid7
E   ImportError: cannot import name 'uuid7' from 'uuid' (/usr/lib/python3.13/uuid.py). Did you mean: 'uuid1'?</error></testcase><testcase classname="" name="tests.api.test_review" time="0.000"><error message="collection failure">ImportError while importing test module '/mnt/data/iteration2/DeepAha_Experience/backend/tests/api/test_review.py'.
Hint: make sure your test modules/packages have valid Python names.
Traceback:
/usr/lib/python3.13/importlib/__init__.py:88: in import_module
    return _bootstrap._gcd_import(name[level:], package, level)
           ^^^^^^^^^^^^^^^^^^^^^^^^^^^^^^^^^^^^^^^^^^^^^^^^^^^^
backend/tests/api/test_review.py:8: in &lt;module&gt;
    from deepaha.api.review import get_review_service, require_reviewer_principal
backend/src/deepaha/api/review.py:9: in &lt;module&gt;
    from deepaha.api.personal import PRIVATE_CACHE_CONTROL
backend/src/deepaha/api/personal.py:20: in &lt;module&gt;
    from deepaha.eligibility.service import EligibilityService
backend/src/deepaha/eligibility/__init__.py:9: in &lt;module&gt;
    from deepaha.eligibility.service import (
backend/src/deepaha/eligibility/service.py:7: in &lt;module&gt;
    from uuid import UUID, uuid7
E   ImportError: cannot import name 'uuid7' from 'uuid' (/usr/lib/python3.13/uuid.py). Did you mean: 'uuid1'?</error></testcase><testcase classname="" name="tests.documents.test_opaque_parser" time="0.000"><error message="collection failure">ImportError while importing test module '/mnt/data/iteration2/DeepAha_Experience/backend/tests/documents/test_opaque_parser.py'.
Hint: make sure your test modules/packages have valid Python names.
Traceback:
/usr/lib/python3.13/importlib/__init__.py:88: in import_module
    return _bootstrap._gcd_import(name[level:], package, level)
           ^^^^^^^^^^^^^^^^^^^^^^^^^^^^^^^^^^^^^^^^^^^^^^^^^^^^
backend/tests/documents/test_opaque_parser.py:16: in &lt;module&gt;
    from deepaha.investigations.documents import document_parsers
backend/src/deepaha/investigations/documents.py:17: in &lt;module&gt;
    from deepaha.documents.service import DocumentService, ParseDocumentCommand
backend/src/deepaha/documents/service.py:6: in &lt;module&gt;
    from uuid import UUID, uuid7
E   ImportError: cannot import name 'uuid7' from 'uuid' (/usr/lib/python3.13/uuid.py). Did you mean: 'uuid1'?</error></testcase><testcase classname="" name="tests.documents.test_spreadsheet_limits" time="0.000"><error message="collection failure">ImportError while importing test module '/mnt/data/iteration2/DeepAha_Experience/backend/tests/documents/test_spreadsheet_limits.py'.
Hint: make sure your test modules/packages have valid Python names.
Traceback:
/usr/lib/python3.13/importlib/__init__.py:88: in import_module
    return _bootstrap._gcd_import(name[level:], package, level)
           ^^^^^^^^^^^^^^^^^^^^^^^^^^^^^^^^^^^^^^^^^^^^^^^^^^^^
backend/tests/documents/test_spreadsheet_limits.py:11: in &lt;module&gt;
    from deepaha.investigations.delivery import (
backend/src/deepaha/investigations/delivery.py:20: in &lt;module&gt;
    from deepaha.evidence_verification.adapters.defaults import default_registry
backend/src/deepaha/evidence_verification/adapters/defaults.py:3: in &lt;module&gt;
    from deepaha.evidence_verification.adapters.html import HtmlAdapter
backend/src/deepaha/evidence_verification/adapters/html.py:4: in &lt;module&gt;
    from cssselect import SelectorError
E   ModuleNotFoundError: No module named 'cssselect'</error></testcase><testcase classname="" name="tests.evidence_verification.test_document_reader" time="0.000"><error message="collection failure">ImportError while importing test module '/mnt/data/iteration2/DeepAha_Experience/backend/tests/evidence_verification/test_document_reader.py'.
Hint: make sure your test modules/packages have valid Python names.
Traceback:
/usr/lib/python3.13/importlib/__init__.py:88: in import_module
    return _bootstrap._gcd_import(name[level:], package, level)
           ^^^^^^^^^^^^^^^^^^^^^^^^^^^^^^^^^^^^^^^^^^^^^^^^^^^^
backend/tests/evidence_verification/test_document_reader.py:13: in &lt;module&gt;
    from deepaha.evidence_verification.adapters.defaults import default_registry
backend/src/deepaha/evidence_verification/adapters/defaults.py:3: in &lt;module&gt;
    from deepaha.evidence_verification.adapters.html import HtmlAdapter
backend/src/deepaha/evidence_verification/adapters/html.py:4: in &lt;module&gt;
    from cssselect import SelectorError
E   ModuleNotFoundError: No module named 'cssselect'</error></testcase><testcase classname="" name="tests.evidence_verification.test_file_adapters" time="0.000"><error message="collection failure">ImportError while importing test module '/mnt/data/iteration2/DeepAha_Experience/backend/tests/evidence_verification/test_file_adapters.py'.
Hint: make sure your test modules/packages have valid Python names.
Traceback:
/usr/lib/python3.13/importlib/__init__.py:88: in import_module
    return _bootstrap._gcd_import(name[level:], package, level)
           ^^^^^^^^^^^^^^^^^^^^^^^^^^^^^^^^^^^^^^^^^^^^^^^^^^^^
backend/tests/evidence_verification/test_file_adapters.py:17: in &lt;module&gt;
    from deepaha.evidence_verification.adapters.defaults import default_registry
backend/src/deepaha/evidence_verification/adapters/defaults.py:3: in &lt;module&gt;
    from deepaha.evidence_verification.adapters.html import HtmlAdapter
backend/src/deepaha/evidence_verification/adapters/html.py:4: in &lt;module&gt;
    from cssselect import SelectorError
E   ModuleNotFoundError: No module named 'cssselect'</error></testcase><testcase classname="" name="tests.evidence_verification.test_html_adapter" time="0.000"><error message="collection failure">ImportError while importing test module '/mnt/data/iteration2/DeepAha_Experience/backend/tests/evidence_verification/test_html_adapter.py'.
Hint: make sure your test modules/packages have valid Python names.
Traceback:
/usr/lib/python3.13/importlib/__init__.py:88: in import_module
    return _bootstrap._gcd_import(name[level:], package, level)
           ^^^^^^^^^^^^^^^^^^^^^^^^^^^^^^^^^^^^^^^^^^^^^^^^^^^^
backend/tests/evidence_verification/test_html_adapter.py:5: in &lt;module&gt;
    from deepaha.evidence_verification.adapters.html import HtmlAdapter
backend/src/deepaha/evidence_verification/adapters/html.py:4: in &lt;module&gt;
    from cssselect import SelectorError
E   ModuleNotFoundError: No module named 'cssselect'</error></testcase><testcase classname="" name="tests.evidence_verification.test_json_notice_adapter" time="0.000"><error message="collection failure">ImportError while importing test module '/mnt/data/iteration2/DeepAha_Experience/backend/tests/evidence_verification/test_json_notice_adapter.py'.
Hint: make sure your test modules/packages have valid Python names.
Traceback:
/usr/lib/python3.13/importlib/__init__.py:88: in import_module
    return _bootstrap._gcd_import(name[level:], package, level)
           ^^^^^^^^^^^^^^^^^^^^^^^^^^^^^^^^^^^^^^^^^^^^^^^^^^^^
backend/tests/evidence_verification/test_json_notice_adapter.py:8: in &lt;module&gt;
    from deepaha.evidence_verification.adapters.defaults import default_registry
backend/src/deepaha/evidence_verification/adapters/defaults.py:3: in &lt;module&gt;
    from deepaha.evidence_verification.adapters.html import HtmlAdapter
backend/src/deepaha/evidence_verification/adapters/html.py:4: in &lt;module&gt;
    from cssselect import SelectorError
E   ModuleNotFoundError: No module named 'cssselect'</error></testcase><testcase classname="" name="tests.feedback.test_phase7_fixture" time="0.000"><error message="collection failure">ImportError while importing test module '/mnt/data/iteration2/DeepAha_Experience/backend/tests/feedback/test_phase7_fixture.py'.
Hint: make sure your test modules/packages have valid Python names.
Traceback:
/usr/lib/python3.13/importlib/__init__.py:88: in import_module
    return _bootstrap._gcd_import(name[level:], package, level)
           ^^^^^^^^^^^^^^^^^^^^^^^^^^^^^^^^^^^^^^^^^^^^^^^^^^^^
backend/tests/feedback/test_phase7_fixture.py:6: in &lt;module&gt;
    from tests.feedback.seed_phase7_browser import assert_phase7_browser_database_url
backend/tests/feedback/seed_phase7_browser.py:16: in &lt;module&gt;
    from deepaha.eligibility.service import EligibilityService, MatchInput
backend/src/deepaha/eligibility/__init__.py:9: in &lt;module&gt;
    from deepaha.eligibility.service import (
backend/src/deepaha/eligibility/service.py:7: in &lt;module&gt;
    from uuid import UUID, uuid7
E   ImportError: cannot import name 'uuid7' from 'uuid' (/usr/lib/python3.13/uuid.py). Did you mean: 'uuid1'?</error></testcase><testcase classname="" name="tests.feedback.test_service" time="0.000"><error message="collection failure">ImportError while importing test module '/mnt/data/iteration2/DeepAha_Experience/backend/tests/feedback/test_service.py'.
Hint: make sure your test modules/packages have valid Python names.
Traceback:
/usr/lib/python3.13/importlib/__init__.py:88: in import_module
    return _bootstrap._gcd_import(name[level:], package, level)
           ^^^^^^^^^^^^^^^^^^^^^^^^^^^^^^^^^^^^^^^^^^^^^^^^^^^^
backend/tests/feedback/test_service.py:8: in &lt;module&gt;
    from deepaha.feedback.service import (
backend/src/deepaha/feedback/service.py:6: in &lt;module&gt;
    from uuid import UUID, uuid7
E   ImportError: cannot import name 'uuid7' from 'uuid' (/usr/lib/python3.13/uuid.py). Did you mean: 'uuid1'?</error></testcase><testcase classname="" name="tests.integration.test_acquisition_document_gate" time="0.000"><error message="collection failure">ImportError while importing test module '/mnt/data/iteration2/DeepAha_Experience/backend/tests/integration/test_acquisition_document_gate.py'.
Hint: make sure your test modules/packages have valid Python names.
Traceback:
/usr/lib/python3.13/importlib/__init__.py:88: in import_module
    return _bootstrap._gcd_import(name[level:], package, level)
           ^^^^^^^^^^^^^^^^^^^^^^^^^^^^^^^^^^^^^^^^^^^^^^^^^^^^
backend/tests/integration/test_acquisition_document_gate.py:1: in &lt;module&gt;
    from uuid import UUID, uuid7
E   ImportError: cannot import name 'uuid7' from 'uuid' (/usr/lib/python3.13/uuid.py). Did you mean: 'uuid1'?</error></testcase><testcase classname="" name="tests.integration.test_acquisition_evaluation_persistence" time="0.000"><error message="collection failure">ImportError while importing test module '/mnt/data/iteration2/DeepAha_Experience/backend/tests/integration/test_acquisition_evaluation_persistence.py'.
Hint: make sure your test modules/packages have valid Python names.
Traceback:
/usr/lib/python3.13/importlib/__init__.py:88: in import_module
    return _bootstrap._gcd_import(name[level:], package, level)
           ^^^^^^^^^^^^^^^^^^^^^^^^^^^^^^^^^^^^^^^^^^^^^^^^^^^^
backend/tests/integration/test_acquisition_evaluation_persistence.py:3: in &lt;module&gt;
    from uuid import uuid7
E   ImportError: cannot import name 'uuid7' from 'uuid' (/usr/lib/python3.13/uuid.py). Did you mean: 'uuid1'?</error></testcase><testcase classname="" name="tests.integration.test_acquisition_evaluation_service" time="0.000"><error message="collection failure">ImportError while importing test module '/mnt/data/iteration2/DeepAha_Experience/backend/tests/integration/test_acquisition_evaluation_service.py'.
Hint: make sure your test modules/packages have valid Python names.
Traceback:
/usr/lib/python3.13/importlib/__init__.py:88: in import_module
    return _bootstrap._gcd_import(name[level:], package, level)
           ^^^^^^^^^^^^^^^^^^^^^^^^^^^^^^^^^^^^^^^^^^^^^^^^^^^^
backend/tests/integration/test_acquisition_evaluation_service.py:2: in &lt;module&gt;
    from uuid import UUID, uuid7
E   ImportError: cannot import name 'uuid7' from 'uuid' (/usr/lib/python3.13/uuid.py). Did you mean: 'uuid1'?</error></testcase><testcase classname="" name="tests.integration.test_acquisition_fetchers" time="0.000"><error message="collection failure">ImportError while importing test module '/mnt/data/iteration2/DeepAha_Experience/backend/tests/integration/test_acquisition_fetchers.py'.
Hint: make sure your test modules/packages have valid Python names.
Traceback:
/usr/lib/python3.13/importlib/__init__.py:88: in import_module
    return _bootstrap._gcd_import(name[level:], package, level)
           ^^^^^^^^^^^^^^^^^^^^^^^^^^^^^^^^^^^^^^^^^^^^^^^^^^^^
backend/tests/integration/test_acquisition_fetchers.py:8: in &lt;module&gt;
    from deepaha.acquisition.contracts import FetchRequest
backend/src/deepaha/acquisition/__init__.py:3: in &lt;module&gt;
    from deepaha.acquisition.official_evidence import (
backend/src/deepaha/acquisition/official_evidence.py:6: in &lt;module&gt;
    from uuid import uuid7
E   ImportError: cannot import name 'uuid7' from 'uuid' (/usr/lib/python3.13/uuid.py). Did you mean: 'uuid1'?</error></testcase><testcase classname="" name="tests.integration.test_acquisition_health" time="0.000"><error message="collection failure">ImportError while importing test module '/mnt/data/iteration2/DeepAha_Experience/backend/tests/integration/test_acquisition_health.py'.
Hint: make sure your test modules/packages have valid Python names.
Traceback:
/usr/lib/python3.13/importlib/__init__.py:88: in import_module
    return _bootstrap._gcd_import(name[level:], package, level)
           ^^^^^^^^^^^^^^^^^^^^^^^^^^^^^^^^^^^^^^^^^^^^^^^^^^^^
backend/tests/integration/test_acquisition_health.py:7: in &lt;module&gt;
    from deepaha.acquisition.health import (
backend/src/deepaha/acquisition/__init__.py:3: in &lt;module&gt;
    from deepaha.acquisition.official_evidence import (
backend/src/deepaha/acquisition/official_evidence.py:6: in &lt;module&gt;
    from uuid import uuid7
E   ImportError: cannot import name 'uuid7' from 'uuid' (/usr/lib/python3.13/uuid.py). Did you mean: 'uuid1'?</error></testcase><testcase classname="" name="tests.integration.test_acquisition_health_persistence" time="0.000"><error message="collection failure">ImportError while importing test module '/mnt/data/iteration2/DeepAha_Experience/backend/tests/integration/test_acquisition_health_persistence.py'.
Hint: make sure your test modules/packages have valid Python names.
Traceback:
/usr/lib/python3.13/importlib/__init__.py:88: in import_module
    return _bootstrap._gcd_import(name[level:], package, level)
           ^^^^^^^^^^^^^^^^^^^^^^^^^^^^^^^^^^^^^^^^^^^^^^^^^^^^
backend/tests/integration/test_acquisition_health_persistence.py:2: in &lt;module&gt;
    from uuid import uuid7
E   ImportError: cannot import name 'uuid7' from 'uuid' (/usr/lib/python3.13/uuid.py). Did you mean: 'uuid1'?</error></testcase><testcase classname="" name="tests.integration.test_acquisition_orchestrator" time="0.000"><error message="collection failure">ImportError while importing test module '/mnt/data/iteration2/DeepAha_Experience/backend/tests/integration/test_acquisition_orchestrator.py'.
Hint: make sure your test modules/packages have valid Python names.
Traceback:
/usr/lib/python3.13/importlib/__init__.py:88: in import_module
    return _bootstrap._gcd_import(name[level:], package, level)
           ^^^^^^^^^^^^^^^^^^^^^^^^^^^^^^^^^^^^^^^^^^^^^^^^^^^^
backend/tests/integration/test_acquisition_orchestrator.py:8: in &lt;module&gt;
    from deepaha.acquisition.contracts import SourceRecipe
backend/src/deepaha/acquisition/__init__.py:3: in &lt;module&gt;
    from deepaha.acquisition.official_evidence import (
backend/src/deepaha/acquisition/official_evidence.py:6: in &lt;module&gt;
    from uuid import uuid7
E   ImportError: cannot import name 'uuid7' from 'uuid' (/usr/lib/python3.13/uuid.py). Did you mean: 'uuid1'?</error></testcase><testcase classname="" name="tests.integration.test_adjudication_storage" time="0.000"><error message="collection failure">ImportError while importing test module '/mnt/data/iteration2/DeepAha_Experience/backend/tests/integration/test_adjudication_storage.py'.
Hint: make sure your test modules/packages have valid Python names.
Traceback:
/usr/lib/python3.13/importlib/__init__.py:88: in import_module
    return _bootstrap._gcd_import(name[level:], package, level)
           ^^^^^^^^^^^^^^^^^^^^^^^^^^^^^^^^^^^^^^^^^^^^^^^^^^^^
backend/tests/integration/test_adjudication_storage.py:9: in &lt;module&gt;
    from deepaha.investigations.adjudication_storage import freeze_adjudication, thaw_adjudication
backend/src/deepaha/investigations/adjudication_storage.py:15: in &lt;module&gt;
    from deepaha.investigations.cross_level_adjudication import AdjudicationPackage
backend/src/deepaha/investigations/cross_level_adjudication.py:14: in &lt;module&gt;
    from deepaha.investigations.cross_level_review import CrossLevelReview
backend/src/deepaha/investigations/cross_level_review.py:9: in &lt;module&gt;
    from deepaha.investigations.announcement_sources import _assemble as announcement_projection
backend/src/deepaha/investigations/announcement_sources.py:18: in &lt;module&gt;
    from deepaha.investigations.applicability import _command, _describe, _history, _review_context
backend/src/deepaha/investigations/applicability.py:6: in &lt;module&gt;
    from uuid import UUID, uuid7
E   ImportError: cannot import name 'uuid7' from 'uuid' (/usr/lib/python3.13/uuid.py). Did you mean: 'uuid1'?</error></testcase><testcase classname="" name="tests.integration.test_collection_service" time="0.000"><error message="collection failure">ImportError while importing test module '/mnt/data/iteration2/DeepAha_Experience/backend/tests/integration/test_collection_service.py'.
Hint: make sure your test modules/packages have valid Python names.
Traceback:
/usr/lib/python3.13/importlib/__init__.py:88: in import_module
    return _bootstrap._gcd_import(name[level:], package, level)
           ^^^^^^^^^^^^^^^^^^^^^^^^^^^^^^^^^^^^^^^^^^^^^^^^^^^^
backend/tests/integration/test_collection_service.py:2: in &lt;module&gt;
    from uuid import UUID, uuid7
E   ImportError: cannot import name 'uuid7' from 'uuid' (/usr/lib/python3.13/uuid.py). Did you mean: 'uuid1'?</error></testcase><testcase classname="" name="tests.integration.test_cross_level_api" time="0.000"><error message="collection failure">ImportError while importing test module '/mnt/data/iteration2/DeepAha_Experience/backend/tests/integration/test_cross_level_api.py'.
Hint: make sure your test modules/packages have valid Python names.
Traceback:
/usr/lib/python3.13/importlib/__init__.py:88: in import_module
    return _bootstrap._gcd_import(name[level:], package, level)
           ^^^^^^^^^^^^^^^^^^^^^^^^^^^^^^^^^^^^^^^^^^^^^^^^^^^^
backend/tests/integration/test_cross_level_api.py:11: in &lt;module&gt;
    from deepaha.api.investigations import get_investigation_store
backend/src/deepaha/api/investigations.py:11: in &lt;module&gt;
    from deepaha.api.local_human_test import (
backend/src/deepaha/api/local_human_test.py:13: in &lt;module&gt;
    from deepaha.acquisition.recipes import load_recipe_manifest
backend/src/deepaha/acquisition/__init__.py:3: in &lt;module&gt;
    from deepaha.acquisition.official_evidence import (
backend/src/deepaha/acquisition/official_evidence.py:6: in &lt;module&gt;
    from uuid import uuid7
E   ImportError: cannot import name 'uuid7' from 'uuid' (/usr/lib/python3.13/uuid.py). Did you mean: 'uuid1'?</error></testcase><testcase classname="" name="tests.integration.test_cross_level_preview" time="0.000"><error message="collection failure">ImportError while importing test module '/mnt/data/iteration2/DeepAha_Experience/backend/tests/integration/test_cross_level_preview.py'.
Hint: make sure your test modules/packages have valid Python names.
Traceback:
/usr/lib/python3.13/importlib/__init__.py:88: in import_module
    return _bootstrap._gcd_import(name[level:], package, level)
           ^^^^^^^^^^^^^^^^^^^^^^^^^^^^^^^^^^^^^^^^^^^^^^^^^^^^
backend/tests/integration/test_cross_level_preview.py:5: in &lt;module&gt;
    from uuid import UUID, uuid7
E   ImportError: cannot import name 'uuid7' from 'uuid' (/usr/lib/python3.13/uuid.py). Did you mean: 'uuid1'?</error></testcase><testcase classname="" name="tests.integration.test_document_service" time="0.000"><error message="collection failure">ImportError while importing test module '/mnt/data/iteration2/DeepAha_Experience/backend/tests/integration/test_document_service.py'.
Hint: make sure your test modules/packages have valid Python names.
Traceback:
/usr/lib/python3.13/importlib/__init__.py:88: in import_module
    return _bootstrap._gcd_import(name[level:], package, level)
           ^^^^^^^^^^^^^^^^^^^^^^^^^^^^^^^^^^^^^^^^^^^^^^^^^^^^
backend/tests/integration/test_document_service.py:5: in &lt;module&gt;
    from uuid import UUID, uuid7
E   ImportError: cannot import name 'uuid7' from 'uuid' (/usr/lib/python3.13/uuid.py). Did you mean: 'uuid1'?</error></testcase><testcase classname="" name="tests.integration.test_group_applicability_api" time="0.000"><error message="collection failure">ImportError while importing test module '/mnt/data/iteration2/DeepAha_Experience/backend/tests/integration/test_group_applicability_api.py'.
Hint: make sure your test modules/packages have valid Python names.
Traceback:
/usr/lib/python3.13/importlib/__init__.py:88: in import_module
    return _bootstrap._gcd_import(name[level:], package, level)
           ^^^^^^^^^^^^^^^^^^^^^^^^^^^^^^^^^^^^^^^^^^^^^^^^^^^^
backend/tests/integration/test_group_applicability_api.py:13: in &lt;module&gt;
    from deepaha.api.investigations import get_investigation_store
backend/src/deepaha/api/investigations.py:11: in &lt;module&gt;
    from deepaha.api.local_human_test import (
backend/src/deepaha/api/local_human_test.py:13: in &lt;module&gt;
    from deepaha.acquisition.recipes import load_recipe_manifest
backend/src/deepaha/acquisition/__init__.py:3: in &lt;module&gt;
    from deepaha.acquisition.official_evidence import (
backend/src/deepaha/acquisition/official_evidence.py:6: in &lt;module&gt;
    from uuid import uuid7
E   ImportError: cannot import name 'uuid7' from 'uuid' (/usr/lib/python3.13/uuid.py). Did you mean: 'uuid1'?</error></testcase><testcase classname="" name="tests.integration.test_group_applicability_decisions" time="0.000"><error message="collection failure">ImportError while importing test module '/mnt/data/iteration2/DeepAha_Experience/backend/tests/integration/test_group_applicability_decisions.py'.
Hint: make sure your test modules/packages have valid Python names.
Traceback:
/usr/lib/python3.13/importlib/__init__.py:88: in import_module
    return _bootstrap._gcd_import(name[level:], package, level)
           ^^^^^^^^^^^^^^^^^^^^^^^^^^^^^^^^^^^^^^^^^^^^^^^^^^^^
backend/tests/integration/test_group_applicability_decisions.py:8: in &lt;module&gt;
    from uuid import UUID, uuid7
E   ImportError: cannot import name 'uuid7' from 'uuid' (/usr/lib/python3.13/uuid.py). Did you mean: 'uuid1'?</error></testcase><testcase classname="" name="tests.integration.test_group_fact_migration" time="0.000"><error message="collection failure">ImportError while importing test module '/mnt/data/iteration2/DeepAha_Experience/backend/tests/integration/test_group_fact_migration.py'.
Hint: make sure your test modules/packages have valid Python names.
Traceback:
/usr/lib/python3.13/importlib/__init__.py:88: in import_module
    return _bootstrap._gcd_import(name[level:], package, level)
           ^^^^^^^^^^^^^^^^^^^^^^^^^^^^^^^^^^^^^^^^^^^^^^^^^^^^
backend/tests/integration/test_group_fact_migration.py:6: in &lt;module&gt;
    from deepaha.investigations.group_facts import prepare_group_facts
backend/src/deepaha/investigations/group_facts.py:7: in &lt;module&gt;
    from uuid import UUID, uuid7
E   ImportError: cannot import name 'uuid7' from 'uuid' (/usr/lib/python3.13/uuid.py). Did you mean: 'uuid1'?</error></testcase><testcase classname="" name="tests.integration.test_group_facts" time="0.000"><error message="collection failure">ImportError while importing test module '/mnt/data/iteration2/DeepAha_Experience/backend/tests/integration/test_group_facts.py'.
Hint: make sure your test modules/packages have valid Python names.
Traceback:
/usr/lib/python3.13/importlib/__init__.py:88: in import_module
    return _bootstrap._gcd_import(name[level:], package, level)
           ^^^^^^^^^^^^^^^^^^^^^^^^^^^^^^^^^^^^^^^^^^^^^^^^^^^^
backend/tests/integration/test_group_facts.py:8: in &lt;module&gt;
    from uuid import UUID, uuid7
E   ImportError: cannot import name 'uuid7' from 'uuid' (/usr/lib/python3.13/uuid.py). Did you mean: 'uuid1'?</error></testcase><testcase classname="" name="tests.integration.test_group_identity" time="0.000"><error message="collection failure">ImportError while importing test module '/mnt/data/iteration2/DeepAha_Experience/backend/tests/integration/test_group_identity.py'.
Hint: make sure your test modules/packages have valid Python names.
Traceback:
/usr/lib/python3.13/importlib/__init__.py:88: in import_module
    return _bootstrap._gcd_import(name[level:], package, level)
           ^^^^^^^^^^^^^^^^^^^^^^^^^^^^^^^^^^^^^^^^^^^^^^^^^^^^
backend/tests/integration/test_group_identity.py:2: in &lt;module&gt;
    from uuid import uuid7
E   ImportError: cannot import name 'uuid7' from 'uuid' (/usr/lib/python3.13/uuid.py). Did you mean: 'uuid1'?</error></testcase><testcase classname="" name="tests.integration.test_group_identity_migration" time="0.000"><error message="collection failure">ImportError while importing test module '/mnt/data/iteration2/DeepAha_Experience/backend/tests/integration/test_group_identity_migration.py'.
Hint: make sure your test modules/packages have valid Python names.
Traceback:
/usr/lib/python3.13/importlib/__init__.py:88: in import_module
    return _bootstrap._gcd_import(name[level:], package, level)
           ^^^^^^^^^^^^^^^^^^^^^^^^^^^^^^^^^^^^^^^^^^^^^^^^^^^^
backend/tests/integration/test_group_identity_migration.py:8: in &lt;module&gt;
    from deepaha.p9b.identity import OpportunityUnitService, UnitSeed
backend/src/deepaha/p9b/identity.py:5: in &lt;module&gt;
    from uuid import UUID, uuid7
E   ImportError: cannot import name 'uuid7' from 'uuid' (/usr/lib/python3.13/uuid.py). Did you mean: 'uuid1'?</error></testcase><testcase classname="" name="tests.integration.test_group_inheritance_api" time="0.000"><error message="collection failure">ImportError while importing test module '/mnt/data/iteration2/DeepAha_Experience/backend/tests/integration/test_group_inheritance_api.py'.
Hint: make sure your test modules/packages have valid Python names.
Traceback:
/usr/lib/python3.13/importlib/__init__.py:88: in import_module
    return _bootstrap._gcd_import(name[level:], package, level)
           ^^^^^^^^^^^^^^^^^^^^^^^^^^^^^^^^^^^^^^^^^^^^^^^^^^^^
backend/tests/integration/test_group_inheritance_api.py:9: in &lt;module&gt;
    from deepaha.investigations.group_applicability import read_group_rule_applicability
backend/src/deepaha/investigations/group_applicability.py:10: in &lt;module&gt;
    from deepaha.investigations.applicability import _blocks, _command, _material_url
backend/src/deepaha/investigations/applicability.py:6: in &lt;module&gt;
    from uuid import UUID, uuid7
E   ImportError: cannot import name 'uuid7' from 'uuid' (/usr/lib/python3.13/uuid.py). Did you mean: 'uuid1'?</error></testcase><testcase classname="" name="tests.integration.test_group_inheritance_preview" time="0.000"><error message="collection failure">ImportError while importing test module '/mnt/data/iteration2/DeepAha_Experience/backend/tests/integration/test_group_inheritance_preview.py'.
Hint: make sure your test modules/packages have valid Python names.
Traceback:
/usr/lib/python3.13/importlib/__init__.py:88: in import_module
    return _bootstrap._gcd_import(name[level:], package, level)
           ^^^^^^^^^^^^^^^^^^^^^^^^^^^^^^^^^^^^^^^^^^^^^^^^^^^^
backend/tests/integration/test_group_inheritance_preview.py:5: in &lt;module&gt;
    from uuid import UUID, uuid7
E   ImportError: cannot import name 'uuid7' from 'uuid' (/usr/lib/python3.13/uuid.py). Did you mean: 'uuid1'?</error></testcase><testcase classname="" name="tests.integration.test_group_rule_applicability" time="0.000"><error message="collection failure">ImportError while importing test module '/mnt/data/iteration2/DeepAha_Experience/backend/tests/integration/test_group_rule_applicability.py'.
Hint: make sure your test modules/packages have valid Python names.
Traceback:
/usr/lib/python3.13/importlib/__init__.py:88: in import_module
    return _bootstrap._gcd_import(name[level:], package, level)
           ^^^^^^^^^^^^^^^^^^^^^^^^^^^^^^^^^^^^^^^^^^^^^^^^^^^^
backend/tests/integration/test_group_rule_applicability.py:8: in &lt;module&gt;
    from uuid import UUID, uuid7
E   ImportError: cannot import name 'uuid7' from 'uuid' (/usr/lib/python3.13/uuid.py). Did you mean: 'uuid1'?</error></testcase><testcase classname="" name="tests.integration.test_group_rule_preview" time="0.000"><error message="collection failure">ImportError while importing test module '/mnt/data/iteration2/DeepAha_Experience/backend/tests/integration/test_group_rule_preview.py'.
Hint: make sure your test modules/packages have valid Python names.
Traceback:
/usr/lib/python3.13/importlib/__init__.py:88: in import_module
    return _bootstrap._gcd_import(name[level:], package, level)
           ^^^^^^^^^^^^^^^^^^^^^^^^^^^^^^^^^^^^^^^^^^^^^^^^^^^^
backend/tests/integration/test_group_rule_preview.py:5: in &lt;module&gt;
    from uuid import UUID, uuid7
E   ImportError: cannot import name 'uuid7' from 'uuid' (/usr/lib/python3.13/uuid.py). Did you mean: 'uuid1'?</error></testcase><testcase classname="" name="tests.integration.test_group_rule_review" time="0.000"><error message="collection failure">ImportError while importing test module '/mnt/data/iteration2/DeepAha_Experience/backend/tests/integration/test_group_rule_review.py'.
Hint: make sure your test modules/packages have valid Python names.
Traceback:
/usr/lib/python3.13/importlib/__init__.py:88: in import_module
    return _bootstrap._gcd_import(name[level:], package, level)
           ^^^^^^^^^^^^^^^^^^^^^^^^^^^^^^^^^^^^^^^^^^^^^^^^^^^^
backend/tests/integration/test_group_rule_review.py:7: in &lt;module&gt;
    from uuid import UUID, uuid7
E   ImportError: cannot import name 'uuid7' from 'uuid' (/usr/lib/python3.13/uuid.py). Did you mean: 'uuid1'?</error></testcase><testcase classname="" name="tests.integration.test_group_rule_review_migration" time="0.000"><error message="collection failure">ImportError while importing test module '/mnt/data/iteration2/DeepAha_Experience/backend/tests/integration/test_group_rule_review_migration.py'.
Hint: make sure your test modules/packages have valid Python names.
Traceback:
/usr/lib/python3.13/importlib/__init__.py:88: in import_module
    return _bootstrap._gcd_import(name[level:], package, level)
           ^^^^^^^^^^^^^^^^^^^^^^^^^^^^^^^^^^^^^^^^^^^^^^^^^^^^
backend/tests/integration/test_group_rule_review_migration.py:9: in &lt;module&gt;
    from deepaha.investigations.group_rule_review import prepare_group_rule_review
backend/src/deepaha/investigations/group_rule_review.py:5: in &lt;module&gt;
    from uuid import UUID, uuid7
E   ImportError: cannot import name 'uuid7' from 'uuid' (/usr/lib/python3.13/uuid.py). Did you mean: 'uuid1'?</error></testcase><testcase classname="" name="tests.integration.test_group_source_binding" time="0.000"><error message="collection failure">ImportError while importing test module '/mnt/data/iteration2/DeepAha_Experience/backend/tests/integration/test_group_source_binding.py'.
Hint: make sure your test modules/packages have valid Python names.
Traceback:
/usr/lib/python3.13/importlib/__init__.py:88: in import_module
    return _bootstrap._gcd_import(name[level:], package, level)
           ^^^^^^^^^^^^^^^^^^^^^^^^^^^^^^^^^^^^^^^^^^^^^^^^^^^^
backend/tests/integration/test_group_source_binding.py:4: in &lt;module&gt;
    from uuid import UUID, uuid7
E   ImportError: cannot import name 'uuid7' from 'uuid' (/usr/lib/python3.13/uuid.py). Did you mean: 'uuid1'?</error></testcase><testcase classname="" name="tests.integration.test_group_source_migration" time="0.000"><error message="collection failure">ImportError while importing test module '/mnt/data/iteration2/DeepAha_Experience/backend/tests/integration/test_group_source_migration.py'.
Hint: make sure your test modules/packages have valid Python names.
Traceback:
/usr/lib/python3.13/importlib/__init__.py:88: in import_module
    return _bootstrap._gcd_import(name[level:], package, level)
           ^^^^^^^^^^^^^^^^^^^^^^^^^^^^^^^^^^^^^^^^^^^^^^^^^^^^
backend/tests/integration/test_group_source_migration.py:6: in &lt;module&gt;
    from deepaha.investigations.group_bindings import preview_group_source, register_group_source
backend/src/deepaha/investigations/group_bindings.py:4: in &lt;module&gt;
    from uuid import UUID, uuid7
E   ImportError: cannot import name 'uuid7' from 'uuid' (/usr/lib/python3.13/uuid.py). Did you mean: 'uuid1'?</error></testcase><testcase classname="" name="tests.integration.test_investigation_announcement_snapshots" time="0.000"><error message="collection failure">ImportError while importing test module '/mnt/data/iteration2/DeepAha_Experience/backend/tests/integration/test_investigation_announcement_snapshots.py'.
Hint: make sure your test modules/packages have valid Python names.
Traceback:
/usr/lib/python3.13/importlib/__init__.py:88: in import_module
    return _bootstrap._gcd_import(name[level:], package, level)
           ^^^^^^^^^^^^^^^^^^^^^^^^^^^^^^^^^^^^^^^^^^^^^^^^^^^^
backend/tests/integration/test_investigation_announcement_snapshots.py:7: in &lt;module&gt;
    from uuid import UUID, uuid7
E   ImportError: cannot import name 'uuid7' from 'uuid' (/usr/lib/python3.13/uuid.py). Did you mean: 'uuid1'?</error></testcase><testcase classname="" name="tests.integration.test_investigation_binding" time="0.000"><error message="collection failure">ImportError while importing test module '/mnt/data/iteration2/DeepAha_Experience/backend/tests/integration/test_investigation_binding.py'.
Hint: make sure your test modules/packages have valid Python names.
Traceback:
/usr/lib/python3.13/importlib/__init__.py:88: in import_module
    return _bootstrap._gcd_import(name[level:], package, level)
           ^^^^^^^^^^^^^^^^^^^^^^^^^^^^^^^^^^^^^^^^^^^^^^^^^^^^
backend/tests/integration/test_investigation_binding.py:5: in &lt;module&gt;
    from uuid import UUID, uuid7
E   ImportError: cannot import name 'uuid7' from 'uuid' (/usr/lib/python3.13/uuid.py). Did you mean: 'uuid1'?</error></testcase><testcase classname="" name="tests.integration.test_investigation_dispatch" time="0.000"><error message="collection failure">ImportError while importing test module '/mnt/data/iteration2/DeepAha_Experience/backend/tests/integration/test_investigation_dispatch.py'.
Hint: make sure your test modules/packages have valid Python names.
Traceback:
/usr/lib/python3.13/importlib/__init__.py:88: in import_module
    return _bootstrap._gcd_import(name[level:], package, level)
           ^^^^^^^^^^^^^^^^^^^^^^^^^^^^^^^^^^^^^^^^^^^^^^^^^^^^
backend/tests/integration/test_investigation_dispatch.py:7: in &lt;module&gt;
    from uuid import UUID, uuid7
E   ImportError: cannot import name 'uuid7' from 'uuid' (/usr/lib/python3.13/uuid.py). Did you mean: 'uuid1'?</error></testcase><testcase classname="" name="tests.integration.test_investigation_document_exclusions" time="0.000"><error message="collection failure">ImportError while importing test module '/mnt/data/iteration2/DeepAha_Experience/backend/tests/integration/test_investigation_document_exclusions.py'.
Hint: make sure your test modules/packages have valid Python names.
Traceback:
/usr/lib/python3.13/importlib/__init__.py:88: in import_module
    return _bootstrap._gcd_import(name[level:], package, level)
           ^^^^^^^^^^^^^^^^^^^^^^^^^^^^^^^^^^^^^^^^^^^^^^^^^^^^
backend/tests/integration/test_investigation_document_exclusions.py:16: in &lt;module&gt;
    from deepaha.api.investigations import get_investigation_store
backend/src/deepaha/api/investigations.py:11: in &lt;module&gt;
    from deepaha.api.local_human_test import (
backend/src/deepaha/api/local_human_test.py:13: in &lt;module&gt;
    from deepaha.acquisition.recipes import load_recipe_manifest
backend/src/deepaha/acquisition/__init__.py:3: in &lt;module&gt;
    from deepaha.acquisition.official_evidence import (
backend/src/deepaha/acquisition/official_evidence.py:6: in &lt;module&gt;
    from uuid import uuid7
E   ImportError: cannot import name 'uuid7' from 'uuid' (/usr/lib/python3.13/uuid.py). Did you mean: 'uuid1'?</error></testcase><testcase classname="" name="tests.integration.test_investigation_documents" time="0.000"><error message="collection failure">ImportError while importing test module '/mnt/data/iteration2/DeepAha_Experience/backend/tests/integration/test_investigation_documents.py'.
Hint: make sure your test modules/packages have valid Python names.
Traceback:
/usr/lib/python3.13/importlib/__init__.py:88: in import_module
    return _bootstrap._gcd_import(name[level:], package, level)
           ^^^^^^^^^^^^^^^^^^^^^^^^^^^^^^^^^^^^^^^^^^^^^^^^^^^^
backend/tests/integration/test_investigation_documents.py:16: in &lt;module&gt;
    from deepaha.documents.service import DocumentService, ParseDocumentCommand, ParseDocumentResult
backend/src/deepaha/documents/service.py:6: in &lt;module&gt;
    from uuid import UUID, uuid7
E   ImportError: cannot import name 'uuid7' from 'uuid' (/usr/lib/python3.13/uuid.py). Did you mean: 'uuid1'?</error></testcase><testcase classname="" name="tests.integration.test_investigation_evidence_checks" time="0.000"><error message="collection failure">ImportError while importing test module '/mnt/data/iteration2/DeepAha_Experience/backend/tests/integration/test_investigation_evidence_checks.py'.
Hint: make sure your test modules/packages have valid Python names.
Traceback:
/usr/lib/python3.13/importlib/__init__.py:88: in import_module
    return _bootstrap._gcd_import(name[level:], package, level)
           ^^^^^^^^^^^^^^^^^^^^^^^^^^^^^^^^^^^^^^^^^^^^^^^^^^^^
backend/tests/integration/test_investigation_evidence_checks.py:7: in &lt;module&gt;
    from uuid import UUID, uuid7
E   ImportError: cannot import name 'uuid7' from 'uuid' (/usr/lib/python3.13/uuid.py). Did you mean: 'uuid1'?</error></testcase><testcase classname="" name="tests.integration.test_investigation_facts" time="0.000"><error message="collection failure">ImportError while importing test module '/mnt/data/iteration2/DeepAha_Experience/backend/tests/integration/test_investigation_facts.py'.
Hint: make sure your test modules/packages have valid Python names.
Traceback:
/usr/lib/python3.13/importlib/__init__.py:88: in import_module
    return _bootstrap._gcd_import(name[level:], package, level)
           ^^^^^^^^^^^^^^^^^^^^^^^^^^^^^^^^^^^^^^^^^^^^^^^^^^^^
backend/tests/integration/test_investigation_facts.py:6: in &lt;module&gt;
    from uuid import UUID, uuid7
E   ImportError: cannot import name 'uuid7' from 'uuid' (/usr/lib/python3.13/uuid.py). Did you mean: 'uuid1'?</error></testcase><testcase classname="" name="tests.integration.test_investigation_registration" time="0.000"><error message="collection failure">ImportError while importing test module '/mnt/data/iteration2/DeepAha_Experience/backend/tests/integration/test_investigation_registration.py'.
Hint: make sure your test modules/packages have valid Python names.
Traceback:
/usr/lib/python3.13/importlib/__init__.py:88: in import_module
    return _bootstrap._gcd_import(name[level:], package, level)
           ^^^^^^^^^^^^^^^^^^^^^^^^^^^^^^^^^^^^^^^^^^^^^^^^^^^^
backend/tests/integration/test_investigation_registration.py:16: in &lt;module&gt;
    from deepaha.investigations.delivery import ValidatedDelivery
backend/src/deepaha/investigations/delivery.py:20: in &lt;module&gt;
    from deepaha.evidence_verification.adapters.defaults import default_registry
backend/src/deepaha/evidence_verification/adapters/defaults.py:3: in &lt;module&gt;
    from deepaha.evidence_verification.adapters.html import HtmlAdapter
backend/src/deepaha/evidence_verification/adapters/html.py:4: in &lt;module&gt;
    from cssselect import SelectorError
E   ModuleNotFoundError: No module named 'cssselect'</error></testcase><testcase classname="" name="tests.integration.test_investigation_rule_applicability" time="0.000"><error message="collection failure">ImportError while importing test module '/mnt/data/iteration2/DeepAha_Experience/backend/tests/integration/test_investigation_rule_applicability.py'.
Hint: make sure your test modules/packages have valid Python names.
Traceback:
/usr/lib/python3.13/importlib/__init__.py:88: in import_module
    return _bootstrap._gcd_import(name[level:], package, level)
           ^^^^^^^^^^^^^^^^^^^^^^^^^^^^^^^^^^^^^^^^^^^^^^^^^^^^
backend/tests/integration/test_investigation_rule_applicability.py:4: in &lt;module&gt;
    from uuid import UUID, uuid7
E   ImportError: cannot import name 'uuid7' from 'uuid' (/usr/lib/python3.13/uuid.py). Did you mean: 'uuid1'?</error></testcase><testcase classname="" name="tests.integration.test_investigation_rules" time="0.000"><error message="collection failure">ImportError while importing test module '/mnt/data/iteration2/DeepAha_Experience/backend/tests/integration/test_investigation_rules.py'.
Hint: make sure your test modules/packages have valid Python names.
Traceback:
/usr/lib/python3.13/importlib/__init__.py:88: in import_module
    return _bootstrap._gcd_import(name[level:], package, level)
           ^^^^^^^^^^^^^^^^^^^^^^^^^^^^^^^^^^^^^^^^^^^^^^^^^^^^
backend/tests/integration/test_investigation_rules.py:4: in &lt;module&gt;
    from uuid import UUID, uuid7
E   ImportError: cannot import name 'uuid7' from 'uuid' (/usr/lib/python3.13/uuid.py). Did you mean: 'uuid1'?</error></testcase><testcase classname="" name="tests.integration.test_investigation_store" time="0.000"><error message="collection failure">ImportError while importing test module '/mnt/data/iteration2/DeepAha_Experience/backend/tests/integration/test_investigation_store.py'.
Hint: make sure your test modules/packages have valid Python names.
Traceback:
/usr/lib/python3.13/importlib/__init__.py:88: in import_module
    return _bootstrap._gcd_import(name[level:], package, level)
           ^^^^^^^^^^^^^^^^^^^^^^^^^^^^^^^^^^^^^^^^^^^^^^^^^^^^
backend/tests/integration/test_investigation_store.py:11: in &lt;module&gt;
    from uuid import UUID, uuid7
E   ImportError: cannot import name 'uuid7' from 'uuid' (/usr/lib/python3.13/uuid.py). Did you mean: 'uuid1'?</error></testcase><testcase classname="" name="tests.integration.test_investigation_unit_api" time="0.000"><error message="collection failure">ImportError while importing test module '/mnt/data/iteration2/DeepAha_Experience/backend/tests/integration/test_investigation_unit_api.py'.
Hint: make sure your test modules/packages have valid Python names.
Traceback:
/usr/lib/python3.13/importlib/__init__.py:88: in import_module
    return _bootstrap._gcd_import(name[level:], package, level)
           ^^^^^^^^^^^^^^^^^^^^^^^^^^^^^^^^^^^^^^^^^^^^^^^^^^^^
backend/tests/integration/test_investigation_unit_api.py:7: in &lt;module&gt;
    from deepaha.api.investigations import get_investigation_store
backend/src/deepaha/api/investigations.py:11: in &lt;module&gt;
    from deepaha.api.local_human_test import (
backend/src/deepaha/api/local_human_test.py:13: in &lt;module&gt;
    from deepaha.acquisition.recipes import load_recipe_manifest
backend/src/deepaha/acquisition/__init__.py:3: in &lt;module&gt;
    from deepaha.acquisition.official_evidence import (
backend/src/deepaha/acquisition/official_evidence.py:6: in &lt;module&gt;
    from uuid import uuid7
E   ImportError: cannot import name 'uuid7' from 'uuid' (/usr/lib/python3.13/uuid.py). Did you mean: 'uuid1'?</error></testcase><testcase classname="" name="tests.integration.test_investigation_unit_coverage" time="0.000"><error message="collection failure">ImportError while importing test module '/mnt/data/iteration2/DeepAha_Experience/backend/tests/integration/test_investigation_unit_coverage.py'.
Hint: make sure your test modules/packages have valid Python names.
Traceback:
/usr/lib/python3.13/importlib/__init__.py:88: in import_module
    return _bootstrap._gcd_import(name[level:], package, level)
           ^^^^^^^^^^^^^^^^^^^^^^^^^^^^^^^^^^^^^^^^^^^^^^^^^^^^
backend/tests/integration/test_investigation_unit_coverage.py:15: in &lt;module&gt;
    from deepaha.investigations.delivery import validate_delivery
backend/src/deepaha/investigations/delivery.py:20: in &lt;module&gt;
    from deepaha.evidence_verification.adapters.defaults import default_registry
backend/src/deepaha/evidence_verification/adapters/defaults.py:3: in &lt;module&gt;
    from deepaha.evidence_verification.adapters.html import HtmlAdapter
backend/src/deepaha/evidence_verification/adapters/html.py:4: in &lt;module&gt;
    from cssselect import SelectorError
E   ModuleNotFoundError: No module named 'cssselect'</error></testcase><testcase classname="" name="tests.integration.test_investigation_unit_replay" time="0.000"><error message="collection failure">ImportError while importing test module '/mnt/data/iteration2/DeepAha_Experience/backend/tests/integration/test_investigation_unit_replay.py'.
Hint: make sure your test modules/packages have valid Python names.
Traceback:
/usr/lib/python3.13/importlib/__init__.py:88: in import_module
    return _bootstrap._gcd_import(name[level:], package, level)
           ^^^^^^^^^^^^^^^^^^^^^^^^^^^^^^^^^^^^^^^^^^^^^^^^^^^^
backend/tests/integration/test_investigation_unit_replay.py:8: in &lt;module&gt;
    from uuid import UUID, uuid7
E   ImportError: cannot import name 'uuid7' from 'uuid' (/usr/lib/python3.13/uuid.py). Did you mean: 'uuid1'?</error></testcase><testcase classname="" name="tests.integration.test_investigation_unit_snapshots" time="0.000"><error message="collection failure">ImportError while importing test module '/mnt/data/iteration2/DeepAha_Experience/backend/tests/integration/test_investigation_unit_snapshots.py'.
Hint: make sure your test modules/packages have valid Python names.
Traceback:
/usr/lib/python3.13/importlib/__init__.py:88: in import_module
    return _bootstrap._gcd_import(name[level:], package, level)
           ^^^^^^^^^^^^^^^^^^^^^^^^^^^^^^^^^^^^^^^^^^^^^^^^^^^^
backend/tests/integration/test_investigation_unit_snapshots.py:5: in &lt;module&gt;
    from uuid import UUID, uuid7
E   ImportError: cannot import name 'uuid7' from 'uuid' (/usr/lib/python3.13/uuid.py). Did you mean: 'uuid1'?</error></testcase><testcase classname="" name="tests.integration.test_investigation_vertical_slice" time="0.000"><error message="collection failure">ImportError while importing test module '/mnt/data/iteration2/DeepAha_Experience/backend/tests/integration/test_investigation_vertical_slice.py'.
Hint: make sure your test modules/packages have valid Python names.
Traceback:
/usr/lib/python3.13/importlib/__init__.py:88: in import_module
    return _bootstrap._gcd_import(name[level:], package, level)
           ^^^^^^^^^^^^^^^^^^^^^^^^^^^^^^^^^^^^^^^^^^^^^^^^^^^^
backend/tests/integration/test_investigation_vertical_slice.py:15: in &lt;module&gt;
    from deepaha.api.investigations import get_investigation_store
backend/src/deepaha/api/investigations.py:11: in &lt;module&gt;
    from deepaha.api.local_human_test import (
backend/src/deepaha/api/local_human_test.py:13: in &lt;module&gt;
    from deepaha.acquisition.recipes import load_recipe_manifest
backend/src/deepaha/acquisition/__init__.py:3: in &lt;module&gt;
    from deepaha.acquisition.official_evidence import (
backend/src/deepaha/acquisition/official_evidence.py:6: in &lt;module&gt;
    from uuid import uuid7
E   ImportError: cannot import name 'uuid7' from 'uuid' (/usr/lib/python3.13/uuid.py). Did you mean: 'uuid1'?</error></testcase><testcase classname="" name="tests.integration.test_local_human_test_acquisition" time="0.000"><error message="collection failure">ImportError while importing test module '/mnt/data/iteration2/DeepAha_Experience/backend/tests/integration/test_local_human_test_acquisition.py'.
Hint: make sure your test modules/packages have valid Python names.
Traceback:
/usr/lib/python3.13/importlib/__init__.py:88: in import_module
    return _bootstrap._gcd_import(name[level:], package, level)
           ^^^^^^^^^^^^^^^^^^^^^^^^^^^^^^^^^^^^^^^^^^^^^^^^^^^^
backend/tests/integration/test_local_human_test_acquisition.py:8: in &lt;module&gt;
    from uuid import UUID, uuid4, uuid7
E   ImportError: cannot import name 'uuid7' from 'uuid' (/usr/lib/python3.13/uuid.py). Did you mean: 'uuid1'?</error></testcase><testcase classname="" name="tests.integration.test_local_human_test_extraction" time="0.000"><error message="collection failure">ImportError while importing test module '/mnt/data/iteration2/DeepAha_Experience/backend/tests/integration/test_local_human_test_extraction.py'.
Hint: make sure your test modules/packages have valid Python names.
Traceback:
/usr/lib/python3.13/importlib/__init__.py:88: in import_module
    return _bootstrap._gcd_import(name[level:], package, level)
           ^^^^^^^^^^^^^^^^^^^^^^^^^^^^^^^^^^^^^^^^^^^^^^^^^^^^
backend/tests/integration/test_local_human_test_extraction.py:8: in &lt;module&gt;
    from uuid import UUID, uuid4, uuid7
E   ImportError: cannot import name 'uuid7' from 'uuid' (/usr/lib/python3.13/uuid.py). Did you mean: 'uuid1'?</error></testcase><testcase classname="" name="tests.integration.test_local_human_test_migration" time="0.000"><error message="collection failure">ImportError while importing test module '/mnt/data/iteration2/DeepAha_Experience/backend/tests/integration/test_local_human_test_migration.py'.
Hint: make sure your test modules/packages have valid Python names.
Traceback:
/usr/lib/python3.13/importlib/__init__.py:88: in import_module
    return _bootstrap._gcd_import(name[level:], package, level)
           ^^^^^^^^^^^^^^^^^^^^^^^^^^^^^^^^^^^^^^^^^^^^^^^^^^^^
backend/tests/integration/test_local_human_test_migration.py:12: in &lt;module&gt;
    from deepaha.db.models import Base
backend/src/deepaha/db/models.py:1: in &lt;module&gt;
    from deepaha.acquisition.models import (
backend/src/deepaha/acquisition/__init__.py:3: in &lt;module&gt;
    from deepaha.acquisition.official_evidence import (
backend/src/deepaha/acquisition/official_evidence.py:6: in &lt;module&gt;
    from uuid import uuid7
E   ImportError: cannot import name 'uuid7' from 'uuid' (/usr/lib/python3.13/uuid.py). Did you mean: 'uuid1'?</error></testcase><testcase classname="" name="tests.integration.test_local_human_test_review_publication" time="0.000"><error message="collection failure">ImportError while importing test module '/mnt/data/iteration2/DeepAha_Experience/backend/tests/integration/test_local_human_test_review_publication.py'.
Hint: make sure your test modules/packages have valid Python names.
Traceback:
/usr/lib/python3.13/importlib/__init__.py:88: in import_module
    return _bootstrap._gcd_import(name[level:], package, level)
           ^^^^^^^^^^^^^^^^^^^^^^^^^^^^^^^^^^^^^^^^^^^^^^^^^^^^
backend/tests/integration/test_local_human_test_review_publication.py:3: in &lt;module&gt;
[...]
Hint: make sure your test modules/packages have valid Python names.
Traceback:
/usr/lib/python3.13/importlib/__init__.py:88: in import_module
    return _bootstrap._gcd_import(name[level:], package, level)
           ^^^^^^^^^^^^^^^^^^^^^^^^^^^^^^^^^^^^^^^^^^^^^^^^^^^^
backend/tests/p9b/test_fact_lifecycle.py:12: in &lt;module&gt;
    from deepaha.p9b.facts import (
backend/src/deepaha/p9b/facts.py:3: in &lt;module&gt;
    from uuid import UUID, uuid7
E   ImportError: cannot import name 'uuid7' from 'uuid' (/usr/lib/python3.13/uuid.py). Did you mean: 'uuid1'?</error></testcase><testcase classname="" name="tests.p9b.test_gateway_state" time="0.000"><error message="collection failure">ImportError while importing test module '/mnt/data/iteration2/DeepAha_Experience/backend/tests/p9b/test_gateway_state.py'.
Hint: make sure your test modules/packages have valid Python names.
Traceback:
/usr/lib/python3.13/importlib/__init__.py:88: in import_module
    return _bootstrap._gcd_import(name[level:], package, level)
           ^^^^^^^^^^^^^^^^^^^^^^^^^^^^^^^^^^^^^^^^^^^^^^^^^^^^
backend/tests/p9b/test_gateway_state.py:2: in &lt;module&gt;
    from uuid import uuid7
E   ImportError: cannot import name 'uuid7' from 'uuid' (/usr/lib/python3.13/uuid.py). Did you mean: 'uuid1'?</error></testcase><testcase classname="" name="tests.p9b.test_gold_import" time="0.000"><error message="collection failure">ImportError while importing test module '/mnt/data/iteration2/DeepAha_Experience/backend/tests/p9b/test_gold_import.py'.
Hint: make sure your test modules/packages have valid Python names.
Traceback:
/usr/lib/python3.13/importlib/__init__.py:88: in import_module
    return _bootstrap._gcd_import(name[level:], package, level)
           ^^^^^^^^^^^^^^^^^^^^^^^^^^^^^^^^^^^^^^^^^^^^^^^^^^^^
backend/tests/p9b/test_gold_import.py:16: in &lt;module&gt;
    from deepaha.p9b.gold_import import GoldImportError, validate_gold_import
backend/src/deepaha/p9b/gold_import.py:17: in &lt;module&gt;
    from deepaha.p9b.gold import GoldRepository
backend/src/deepaha/p9b/gold.py:5: in &lt;module&gt;
    from uuid import UUID, uuid7
E   ImportError: cannot import name 'uuid7' from 'uuid' (/usr/lib/python3.13/uuid.py). Did you mean: 'uuid1'?</error></testcase><testcase classname="" name="tests.p9b.test_ledger_value_contract" time="0.000"><error message="collection failure">ImportError while importing test module '/mnt/data/iteration2/DeepAha_Experience/backend/tests/p9b/test_ledger_value_contract.py'.
Hint: make sure your test modules/packages have valid Python names.
Traceback:
/usr/lib/python3.13/importlib/__init__.py:88: in import_module
    return _bootstrap._gcd_import(name[level:], package, level)
           ^^^^^^^^^^^^^^^^^^^^^^^^^^^^^^^^^^^^^^^^^^^^^^^^^^^^
backend/tests/p9b/test_ledger_value_contract.py:5: in &lt;module&gt;
    from uuid import uuid7
E   ImportError: cannot import name 'uuid7' from 'uuid' (/usr/lib/python3.13/uuid.py). Did you mean: 'uuid1'?</error></testcase><testcase classname="" name="tests.p9b.test_openai_compatible_adapter" time="0.000"><error message="collection failure">ImportError while importing test module '/mnt/data/iteration2/DeepAha_Experience/backend/tests/p9b/test_openai_compatible_adapter.py'.
Hint: make sure your test modules/packages have valid Python names.
Traceback:
/usr/lib/python3.13/importlib/__init__.py:88: in import_module
    return _bootstrap._gcd_import(name[level:], package, level)
           ^^^^^^^^^^^^^^^^^^^^^^^^^^^^^^^^^^^^^^^^^^^^^^^^^^^^
backend/tests/p9b/test_openai_compatible_adapter.py:8: in &lt;module&gt;
    import httpx2
E   ModuleNotFoundError: No module named 'httpx2'</error></testcase><testcase classname="" name="tests.personal.test_profile" time="0.000"><error message="collection failure">ImportError while importing test module '/mnt/data/iteration2/DeepAha_Experience/backend/tests/personal/test_profile.py'.
Hint: make sure your test modules/packages have valid Python names.
Traceback:
/usr/lib/python3.13/importlib/__init__.py:88: in import_module
    return _bootstrap._gcd_import(name[level:], package, level)
           ^^^^^^^^^^^^^^^^^^^^^^^^^^^^^^^^^^^^^^^^^^^^^^^^^^^^
backend/tests/personal/test_profile.py:8: in &lt;module&gt;
    from deepaha.personal.profile import profile_input_sha256
backend/src/deepaha/personal/profile.py:5: in &lt;module&gt;
    from uuid import UUID, uuid7
E   ImportError: cannot import name 'uuid7' from 'uuid' (/usr/lib/python3.13/uuid.py). Did you mean: 'uuid1'?</error></testcase><testcase classname="" name="tests.personal.test_ranking" time="0.000"><error message="collection failure">ImportError while importing test module '/mnt/data/iteration2/DeepAha_Experience/backend/tests/personal/test_ranking.py'.
Hint: make sure your test modules/packages have valid Python names.
Traceback:
/usr/lib/python3.13/importlib/__init__.py:88: in import_module
    return _bootstrap._gcd_import(name[level:], package, level)
           ^^^^^^^^^^^^^^^^^^^^^^^^^^^^^^^^^^^^^^^^^^^^^^^^^^^^
backend/tests/personal/test_ranking.py:10: in &lt;module&gt;
    from deepaha.personal.matching import RankableMatch, rank_personal_matches
backend/src/deepaha/personal/matching.py:6: in &lt;module&gt;
    from uuid import UUID, uuid7
E   ImportError: cannot import name 'uuid7' from 'uuid' (/usr/lib/python3.13/uuid.py). Did you mean: 'uuid1'?</error></testcase><testcase classname="" name="tests.review.test_service" time="0.000"><error message="collection failure">backend/tests/review/test_service.py:9: in &lt;module&gt;
    from deepaha.review.schemas import (
backend/src/deepaha/review/schemas.py:47: in &lt;module&gt;
    class ConfidenceAssessmentWrite(ReviewApiModel):
backend/src/deepaha/review/schemas.py:58: in ConfidenceAssessmentWrite
    def validate_complete_evidence(self) -&gt; ConfidenceAssessmentWrite:
                                            ^^^^^^^^^^^^^^^^^^^^^^^^^
E   NameError: name 'ConfidenceAssessmentWrite' is not defined</error></testcase><testcase classname="" name="tests.sources.test_cli" time="0.000"><error message="collection failure">ImportError while importing test module '/mnt/data/iteration2/DeepAha_Experience/backend/tests/sources/test_cli.py'.
Hint: make sure your test modules/packages have valid Python names.
Traceback:
/usr/lib/python3.13/importlib/__init__.py:88: in import_module
    return _bootstrap._gcd_import(name[level:], package, level)
           ^^^^^^^^^^^^^^^^^^^^^^^^^^^^^^^^^^^^^^^^^^^^^^^^^^^^
backend/tests/sources/test_cli.py:7: in &lt;module&gt;
    import deepaha.sources.cli as cli
backend/src/deepaha/sources/cli.py:7: in &lt;module&gt;
    from deepaha.artifacts.s3 import S3ObjectStore
backend/src/deepaha/artifacts/s3.py:7: in &lt;module&gt;
    from mypy_boto3_s3 import S3Client
E   ModuleNotFoundError: No module named 'mypy_boto3_s3'</error></testcase><testcase classname="" name="tests.sources.test_collector_policy" time="0.000"><error message="collection failure">ImportError while importing test module '/mnt/data/iteration2/DeepAha_Experience/backend/tests/sources/test_collector_policy.py'.
Hint: make sure your test modules/packages have valid Python names.
Traceback:
/usr/lib/python3.13/importlib/__init__.py:88: in import_module
    return _bootstrap._gcd_import(name[level:], package, level)
           ^^^^^^^^^^^^^^^^^^^^^^^^^^^^^^^^^^^^^^^^^^^^^^^^^^^^
backend/tests/sources/test_collector_policy.py:11: in &lt;module&gt;
    from deepaha.sources.collector import collect_http_attempts
backend/src/deepaha/sources/collector.py:9: in &lt;module&gt;
    from uuid import UUID, uuid7
E   ImportError: cannot import name 'uuid7' from 'uuid' (/usr/lib/python3.13/uuid.py). Did you mean: 'uuid1'?</error></testcase><testcase classname="" name="tests.test_announcement_sources" time="0.000"><error message="collection failure">ImportError while importing test module '/mnt/data/iteration2/DeepAha_Experience/backend/tests/test_announcement_sources.py'.
Hint: make sure your test modules/packages have valid Python names.
Traceback:
/usr/lib/python3.13/importlib/__init__.py:88: in import_module
    return _bootstrap._gcd_import(name[level:], package, level)
           ^^^^^^^^^^^^^^^^^^^^^^^^^^^^^^^^^^^^^^^^^^^^^^^^^^^^
backend/tests/test_announcement_sources.py:8: in &lt;module&gt;
    from deepaha.investigations.announcement_sources import _assemble, _record
backend/src/deepaha/investigations/announcement_sources.py:18: in &lt;module&gt;
    from deepaha.investigations.applicability import _command, _describe, _history, _review_context
backend/src/deepaha/investigations/applicability.py:6: in &lt;module&gt;
    from uuid import UUID, uuid7
E   ImportError: cannot import name 'uuid7' from 'uuid' (/usr/lib/python3.13/uuid.py). Did you mean: 'uuid1'?</error></testcase><testcase classname="" name="tests.test_ci_workflow" time="0.000"><error message="collection failure">backend/tests/test_ci_workflow.py:5: in &lt;module&gt;
    CI = (Path(__file__).parents[2] / ".github/workflows/ci.yml").read_text("utf-8")
         ^^^^^^^^^^^^^^^^^^^^^^^^^^^^^^^^^^^^^^^^^^^^^^^^^^^^^^^^^^^^^^^^^^^^^^^^^^^
/usr/lib/python3.13/pathlib/_local.py:548: in read_text
    return PathBase.read_text(self, encoding, errors, newline)
           ^^^^^^^^^^^^^^^^^^^^^^^^^^^^^^^^^^^^^^^^^^^^^^^^^^^
/usr/lib/python3.13/pathlib/_abc.py:632: in read_text
    with self.open(mode='r', encoding=encoding, errors=errors, newline=newline) as f:
         ^^^^^^^^^^^^^^^^^^^^^^^^^^^^^^^^^^^^^^^^^^^^^^^^^^^^^^^^^^^^^^^^^^^^^^
/usr/lib/python3.13/pathlib/_local.py:539: in open
    return io.open(self, mode, buffering, encoding, errors, newline)
           ^^^^^^^^^^^^^^^^^^^^^^^^^^^^^^^^^^^^^^^^^^^^^^^^^^^^^^^^^
E   FileNotFoundError: [Errno 2] No such file or directory: '/mnt/data/iteration2/DeepAha_Experience/.github/workflows/ci.yml'</error></testcase><testcase classname="" name="tests.validation.test_service" time="0.000"><error message="collection failure">ImportError while importing test module '/mnt/data/iteration2/DeepAha_Experience/backend/tests/validation/test_service.py'.
Hint: make sure your test modules/packages have valid Python names.
Traceback:
/usr/lib/python3.13/importlib/__init__.py:88: in import_module
    return _bootstrap._gcd_import(name[level:], package, level)
           ^^^^^^^^^^^^^^^^^^^^^^^^^^^^^^^^^^^^^^^^^^^^^^^^^^^^
backend/tests/validation/test_service.py:16: in &lt;module&gt;
    from deepaha.validation.service import (
backend/src/deepaha/validation/service.py:5: in &lt;module&gt;
    from uuid import UUID, uuid7
E   ImportError: cannot import name 'uuid7' from 'uuid' (/usr/lib/python3.13/uuid.py). Did you mean: 'uuid1'?</error></testcase><testcase classname="pytest" name="internal" time="0.000"><error message="internal error">Traceback (most recent call last):
  File "/usr/lib/python3.13/argparse.py", line 1951, in _parse_known_args2
    namespace, args = self._parse_known_args(args, namespace, intermixed)
                      ~~~~~~~~~~~~~~~~~~~~~~^^^^^^^^^^^^^^^^^^^^^^^^^^^^^
  File "/usr/lib/python3.13/argparse.py", line 2248, in _parse_known_args
    raise ArgumentError(None, _('the following arguments are required: %s') %
               ', '.join(required_actions))
argparse.ArgumentError: the following arguments are required: --input, --output

During handling of the above exception, another exception occurred:

Traceback (most recent call last):
  File "/opt/pyvenv/lib/python3.13/site-packages/_pytest/main.py", line 318, in wrap_session
    session.exitstatus = doit(config, session) or 0
                         ~~~~^^^^^^^^^^^^^^^^^
  File "/opt/pyvenv/lib/python3.13/site-packages/_pytest/main.py", line 371, in _main
    config.hook.pytest_collection(session=session)
    ~~~~~~~~~~~~~~~~~~~~~~~~~~~~~^^^^^^^^^^^^^^^^^
  File "/opt/pyvenv/lib/python3.13/site-packages/pluggy/_hooks.py", line 512, in __call__
    return self._hookexec(self.name, self._hookimpls.copy(), kwargs, firstresult)
           ~~~~~~~~~~~~~~^^^^^^^^^^^^^^^^^^^^^^^^^^^^^^^^^^^^^^^^^^^^^^^^^^^^^^^^
  File "/opt/pyvenv/lib/python3.13/site-packages/pluggy/_manager.py", line 120, in _hookexec
    return self._inner_hookexec(hook_name, methods, kwargs, firstresult)
           ~~~~~~~~~~~~~~~~~~~~^^^^^^^^^^^^^^^^^^^^^^^^^^^^^^^^^^^^^^^^^
  File "/opt/pyvenv/lib/python3.13/site-packages/pluggy/_callers.py", line 167, in _multicall
    raise exception
  File "/opt/pyvenv/lib/python3.13/site-packages/pluggy/_callers.py", line 139, in _multicall
    teardown.throw(exception)
    ~~~~~~~~~~~~~~^^^^^^^^^^^
  File "/opt/pyvenv/lib/python3.13/site-packages/_pytest/logging.py", line 788, in pytest_collection
    return (yield)
            ^^^^^
  File "/opt/pyvenv/lib/python3.13/site-packages/pluggy/_callers.py", line 139, in _multicall
    teardown.throw(exception)
    ~~~~~~~~~~~~~~^^^^^^^^^^^
  File "/opt/pyvenv/lib/python3.13/site-packages/_pytest/warnings.py", line 98, in pytest_collection
    return (yield)
            ^^^^^
  File "/opt/pyvenv/lib/python3.13/site-packages/pluggy/_callers.py", line 139, in _multicall
    teardown.throw(exception)
    ~~~~~~~~~~~~~~^^^^^^^^^^^
  File "/opt/pyvenv/lib/python3.13/site-packages/_pytest/config/__init__.py", line 1403, in pytest_collection
    return (yield)
            ^^^^^
  File "/opt/pyvenv/lib/python3.13/site-packages/pluggy/_callers.py", line 121, in _multicall
    res = hook_impl.function(*args)
  File "/opt/pyvenv/lib/python3.13/site-packages/_pytest/main.py", line 382, in pytest_collection
    session.perform_collect()
    ~~~~~~~~~~~~~~~~~~~~~~~^^
  File "/opt/pyvenv/lib/python3.13/site-packages/_pytest/main.py", line 857, in perform_collect
    self.items.extend(self.genitems(node))
    ~~~~~~~~~~~~~~~~~^^^^^^^^^^^^^^^^^^^^^
  File "/opt/pyvenv/lib/python3.13/site-packages/_pytest/main.py", line 1023, in genitems
    yield from self.genitems(subnode)
  File "/opt/pyvenv/lib/python3.13/site-packages/_pytest/main.py", line 1023, in genitems
    yield from self.genitems(subnode)
  File "/opt/pyvenv/lib/python3.13/site-packages/_pytest/main.py", line 1023, in genitems
    yield from self.genitems(subnode)
  [Previous line repeated 1 more time]
  File "/opt/pyvenv/lib/python3.13/site-packages/_pytest/main.py", line 1020, in genitems
    rep, duplicate = self._collect_one_node(node, handle_dupes)
                     ~~~~~~~~~~~~~~~~~~~~~~^^^^^^^^^^^^^^^^^^^^
  File "/opt/pyvenv/lib/python3.13/site-packages/_pytest/main.py", line 883, in _collect_one_node
    rep = collect_one_node(node)
  File "/opt/pyvenv/lib/python3.13/site-packages/_pytest/runner.py", line 576, in collect_one_node
    rep: CollectReport = ihook.pytest_make_collect_report(collector=collector)
                         ~~~~~~~~~~~~~~~~~~~~~~~~~~~~~~~~^^^^^^^^^^^^^^^^^^^^^
  File "/opt/pyvenv/lib/python3.13/site-packages/pluggy/_hooks.py", line 512, in __call__
    return self._hookexec(self.name, self._hookimpls.copy(), kwargs, firstresult)
           ~~~~~~~~~~~~~~^^^^^^^^^^^^^^^^^^^^^^^^^^^^^^^^^^^^^^^^^^^^^^^^^^^^^^^^
  File "/opt/pyvenv/lib/python3.13/site-packages/pluggy/_manager.py", line 120, in _hookexec
    return self._inner_hookexec(hook_name, methods, kwargs, firstresult)
           ~~~~~~~~~~~~~~~~~~~~^^^^^^^^^^^^^^^^^^^^^^^^^^^^^^^^^^^^^^^^^
  File "/opt/pyvenv/lib/python3.13/site-packages/pluggy/_callers.py", line 167, in _multicall
    raise exception
  File "/opt/pyvenv/lib/python3.13/site-packages/pluggy/_callers.py", line 139, in _multicall
    teardown.throw(exception)
    ~~~~~~~~~~~~~~^^^^^^^^^^^
  File "/opt/pyvenv/lib/python3.13/site-packages/_pytest/capture.py", line 880, in pytest_make_collect_report
    rep = yield
          ^^^^^
  File "/opt/pyvenv/lib/python3.13/site-packages/pluggy/_callers.py", line 121, in _multicall
    res = hook_impl.function(*args)
  File "/opt/pyvenv/lib/python3.13/site-packages/_pytest/runner.py", line 400, in pytest_make_collect_report
    call = CallInfo.from_call(
        collect, "collect", reraise=(KeyboardInterrupt, SystemExit)
    )
  File "/opt/pyvenv/lib/python3.13/site-packages/_pytest/runner.py", line 353, in from_call
    result: TResult | None = func()
                             ~~~~^^
  File "/opt/pyvenv/lib/python3.13/site-packages/_pytest/runner.py", line 398, in collect
    return list(collector.collect())
                ~~~~~~~~~~~~~~~~~^^
  File "/opt/pyvenv/lib/python3.13/site-packages/_pytest/python.py", line 563, in collect
    self._register_setup_module_fixture()
    ~~~~~~~~~~~~~~~~~~~~~~~~~~~~~~~~~~~^^
  File "/opt/pyvenv/lib/python3.13/site-packages/_pytest/python.py", line 576, in _register_setup_module_fixture
    self.obj, ("setUpModule", "setup_module")
    ^^^^^^^^
  File "/opt/pyvenv/lib/python3.13/site-packages/_pytest/python.py", line 289, in obj
    self._obj = obj = self._getobj()
                      ~~~~~~~~~~~~^^
  File "/opt/pyvenv/lib/python3.13/site-packages/_pytest/python.py", line 560, in _getobj
    return importtestmodule(self.path, self.config)
  File "/opt/pyvenv/lib/python3.13/site-packages/_pytest/python.py", line 507, in importtestmodule
    mod = import_path(
        path,
    ...&lt;2 lines&gt;...
        consider_namespace_packages=config.getini("consider_namespace_packages"),
    )
  File "/opt/pyvenv/lib/python3.13/site-packages/_pytest/pathlib.py", line 587, in import_path
    importlib.import_module(module_name)
    ~~~~~~~~~~~~~~~~~~~~~~~^^^^^^^^^^^^^
  File "/usr/lib/python3.13/importlib/__init__.py", line 88, in import_module
    return _bootstrap._gcd_import(name[level:], package, level)
           ~~~~~~~~~~~~~~~~~~~~~~^^^^^^^^^^^^^^^^^^^^^^^^^^^^^^
  File "&lt;frozen importlib._bootstrap&gt;", line 1387, in _gcd_import
  File "&lt;frozen importlib._bootstrap&gt;", line 1360, in _find_and_load
  File "&lt;frozen importlib._bootstrap&gt;", line 1331, in _find_and_load_unlocked
  File "&lt;frozen importlib._bootstrap&gt;", line 935, in _load_unlocked
  File "/opt/pyvenv/lib/python3.13/site-packages/ddtrace/internal/module.py", line 313, in _exec_module
    self.loader.exec_module(module)
    ~~~~~~~~~~~~~~~~~~~~~~~^^^^^^^^
  File "/opt/pyvenv/lib/python3.13/site-packages/_pytest/assertion/rewrite.py", line 197, in exec_module
    exec(co, module.__dict__)
    ~~~~^^^^^^^^^^^^^^^^^^^^^
  File "/mnt/data/iteration2/DeepAha_Experience/tools/source_asset_importer/scripts/test_library_dialog_dom.py", line 17, in &lt;module&gt;
    p=argparse.ArgumentParser();p.add_argument('--input',type=Path,required=True);p.add_argument('--output',type=Path,required=True);args=p.parse_args();args.output.mkdir(parents=True,exist_ok=True)
                                                                                                                                          ~~~~~~~~~~~~^^
  File "/usr/lib/python3.13/argparse.py", line 1912, in parse_args
    args, argv = self.parse_known_args(args, namespace)
                 ~~~~~~~~~~~~~~~~~~~~~^^^^^^^^^^^^^^^^^
  File "/usr/lib/python3.13/argparse.py", line 1922, in parse_known_args
    return self._parse_known_args2(args, namespace, intermixed=False)
           ~~~~~~~~~~~~~~~~~~~~~~~^^^^^^^^^^^^^^^^^^^^^^^^^^^^^^^^^^^
  File "/usr/lib/python3.13/argparse.py", line 1953, in _parse_known_args2
    self.error(str(err))
    ~~~~~~~~~~^^^^^^^^^^
  File "/usr/lib/python3.13/argparse.py", line 2672, in error
    self.exit(2, _('%(prog)s: error: %(message)s\n') % args)
    ~~~~~~~~~^^^^^^^^^^^^^^^^^^^^^^^^^^^^^^^^^^^^^^^^^^^^^^^
  File "/usr/lib/python3.13/argparse.py", line 2659, in exit
    _sys.exit(status)
    ~~~~~~~~~^^^^^^^^
SystemExit: 2</error></testcase></testsuite></testsuites>