============================= test session starts ==============================
platform linux -- Python 3.13.5, pytest-9.0.2, pluggy-1.6.0 -- /opt/pyvenv/bin/python
cachedir: .pytest_cache
metadata: {'Python': '3.13.5', 'Platform': 'Linux-6.18.44-x86_64-with-glibc2.41', 'Packages': {'pytest': '9.0.2', 'pluggy': '1.6.0'}, 'Plugins': {'anyio': '4.13.0', 'ddtrace': '4.4.0', 'Faker': '40.1.2', 'asyncio': '1.3.0', 'cov': '7.0.0', 'json-report': '1.5.0', 'metadata': '3.1.1'}, 'PLATFORM': 'linux/amd64', 'CI': 'true'}
rootdir: /mnt/data/sg1_work/backend
configfile: pyproject.toml
plugins: anyio-4.13.0, ddtrace-4.4.0, Faker-40.1.2, asyncio-1.3.0, cov-7.0.0, json-report-1.5.0, metadata-3.1.1
asyncio: mode=Mode.STRICT, debug=False, asyncio_default_fixture_loop_scope=None, asyncio_default_test_loop_scope=function
collecting ... collected 93 items

tests/product/test_actionable_granularity.py::test_one_notice_two_positions_becomes_two_catalog_targets PASSED [  1%]
tests/product/test_actionable_granularity.py::test_group_is_scope_not_catalog_card PASSED [  2%]
tests/product/test_actionable_granularity.py::test_root_only_notice_has_singleton_fallback PASSED [  3%]
tests/product/test_actionable_granularity.py::test_actions_are_independent_per_position PASSED [  4%]
tests/product/test_actionable_granularity.py::test_unit_public_ids_stay_stable_across_root_revisions PASSED [  5%]
tests/product/test_actionable_granularity.py::test_hundred_positions_are_paged_as_targets PASSED [  6%]
tests/product/test_actionable_granularity.py::test_missing_position_in_update_is_not_silently_withdrawn PASSED [  7%]
tests/product/test_actionable_granularity.py::test_business_code_identity_survives_wma_id_and_order_changes PASSED [  8%]
tests/product/test_actionable_granularity.py::test_position_card_inherits_group_location_label_used_by_real_wma PASSED [  9%]
tests/product/test_actionable_granularity.py::test_api_review_reports_action_targets_and_returns_target_receipt PASSED [ 10%]
tests/product/test_actionable_granularity.py::test_weak_fallback_identity_is_not_auto_merged_across_revisions PASSED [ 11%]
tests/product/test_actionable_granularity.py::test_explicit_source_record_key_survives_runtime_id_change PASSED [ 12%]
tests/product/test_actionable_granularity.py::test_root_singleton_calendar_uses_catalog_target_identity PASSED [ 13%]
tests/product/test_api.py::test_public_cannot_read_private_or_write PASSED [ 15%]
tests/product/test_api.py::test_authenticated_real_upload_approve_catalog PASSED [ 16%]
tests/product/test_api.py::test_csrf_origin_and_extra_input_rejected PASSED [ 17%]
tests/product/test_api.py::test_no_secrets_in_manage_status PASSED       [ 18%]
tests/product/test_api.py::test_product_html_no_fixture_script PASSED    [ 19%]
tests/product/test_contract.py::test_partial_evidence_approve_persists_and_never_qualifies PASSED [ 20%]
tests/product/test_contract.py::test_reject_one_reason_and_no_catalog PASSED [ 21%]
tests/product/test_contract.py::test_permission_separation PASSED        [ 22%]
tests/product/test_contract.py::test_stale_and_opposite_decisions PASSED [ 23%]
tests/product/test_contract.py::test_source_mismatch_not_approvable PASSED [ 24%]
tests/product/test_contract.py::test_zip_traversal_refused PASSED        [ 25%]
tests/product/test_contract.py::test_duplicate_import_not_duplicate_review PASSED [ 26%]
tests/product/test_contract.py::test_conflicting_dates_keep_values_and_disable_date_action PASSED [ 27%]
tests/product/test_contract.py::test_source_pause_does_not_withdraw_content PASSED [ 29%]
tests/product/test_contract.py::test_favorites_feedback_are_per_user PASSED [ 30%]
tests/product/test_contract.py::test_authentication_csrf_and_session_revocation PASSED [ 31%]
tests/product/test_contract.py::test_change_invalidates_reminder_and_prevents_old_approval PASSED [ 32%]
tests/product/test_contract.py::test_concurrent_opposite_decisions_only_one_wins PASSED [ 33%]
tests/product/test_contract.py::test_report_and_internal_fields_never_public PASSED [ 34%]
tests/product/test_contract.py::test_unsupported_type_and_unknown_fields_retained PASSED [ 35%]
tests/product/test_contract.py::test_corrupt_json_still_has_raw_receipt PASSED [ 36%]
tests/product/test_contract.py::test_password_wrong_rate_limit_persists PASSED [ 37%]
tests/product/test_contract.py::test_real_blob_tamper_detected PASSED    [ 38%]
tests/product/test_contract.py::test_located_quote_does_not_certify_a_different_deadline PASSED [ 39%]
tests/product/test_contract.py::test_nested_return_layout_readable PASSED [ 40%]
tests/product/test_contract.py::test_external_scout_asset_does_not_start_collection PASSED [ 41%]
tests/product/test_delivery_quality.py::test_older_pending_packet_cannot_replace_newer_received_content PASSED [ 43%]
tests/product/test_delivery_quality.py::test_invalid_json_does_not_crash_private_endpoint PASSED [ 44%]
tests/product/test_delivery_quality.py::test_full_text_is_reachable_without_huge_first_response PASSED [ 45%]
tests/product/test_delivery_quality.py::test_catalog_text_search_and_paging_are_sql_bounded PASSED [ 46%]
tests/product/test_delivery_quality.py::test_future_notices_do_not_hide_due_notices PASSED [ 47%]
tests/product/test_delivery_quality.py::test_legacy_history_requires_operator PASSED [ 48%]
tests/product/test_delivery_quality.py::test_review_first_page_bounded_and_entire_scope_preserved PASSED [ 49%]
tests/product/test_delivery_quality.py::test_one_bad_opportunity_does_not_block_other_usable_objects PASSED [ 50%]
tests/product/test_delivery_quality.py::test_multiple_distinct_notice_urls_keep_identity_across_versions PASSED [ 51%]
tests/product/test_delivery_quality.py::test_nested_internal_keys_are_not_public PASSED [ 52%]
tests/product/test_delivery_quality.py::test_deep_child_content_keeps_text_accessible PASSED [ 53%]
tests/product/test_delivery_quality.py::test_notification_opt_out_covers_changes PASSED [ 54%]
tests/product/test_delivery_quality.py::test_controlled_legacy_identity_adoption_preserves_id PASSED [ 55%]
tests/product/test_operations.py::test_backup_restore_into_empty_directory PASSED [ 56%]
tests/product/test_operations.py::test_backup_rejects_traversal PASSED   [ 58%]
tests/product/test_operations.py::test_local_credentials_encrypted_and_not_returned PASSED [ 59%]
tests/product/test_operations.py::test_schema_init_is_idempotent PASSED  [ 60%]
tests/product/test_operations.py::test_successful_worker_keeps_remote_result_pending PASSED [ 61%]
tests/product/test_operations.py::test_source_schedule_remembers_authorized_operator PASSED [ 62%]
tests/product/test_operations.py::test_unrecognized_source_asset_is_not_reported_as_imported PASSED [ 63%]
tests/product/test_operations.py::test_sg1_upgrade_is_backup_first_and_backfills_existing_publication PASSED [ 64%]
tests/product/test_operations.py::test_sg1_upgrade_backfills_when_tables_exist_but_projection_is_missing PASSED [ 65%]
tests/product/test_scout_import.py::test_rebuild_exposes_actual_source_import_route PASSED [ 66%]
tests/product/test_scout_import.py::test_actual_export_preview_commit_roundtrip PASSED [ 67%]
tests/product/test_scout_import.py::test_approve_freezes_brief_and_no_auto_task PASSED [ 68%]
tests/product/test_scout_import.py::test_raw_wb_and_state_do_not_double_count PASSED [ 69%]
tests/product/test_scout_import.py::test_unfinished_export_stages_without_fake_approval PASSED [ 70%]
tests/product/test_scout_import.py::test_same_run_changed_bytes_conflict_without_override PASSED [ 72%]
tests/product/test_scout_import.py::test_cross_namespace_never_silent_merge_and_existing_url_explicit PASSED [ 73%]
tests/product/test_scout_import.py::test_feedback_stable_and_survives_restart PASSED [ 74%]
tests/product/test_scout_import.py::test_roles_csrf_and_forged_actor PASSED [ 75%]
tests/product/test_scout_import.py::test_archive_paths_are_rejected_preserving_raw[../escape.json] PASSED [ 76%]
tests/product/test_scout_import.py::test_archive_paths_are_rejected_preserving_raw[/absolute.json] PASSED [ 77%]
tests/product/test_scout_import.py::test_archive_paths_are_rejected_preserving_raw[C:/secrets.json] PASSED [ 78%]
tests/product/test_scout_import.py::test_archive_paths_are_rejected_preserving_raw[X\\bad.json] PASSED [ 79%]
tests/product/test_scout_import.py::test_archive_paths_are_rejected_preserving_raw[CON.txt] PASSED [ 80%]
tests/product/test_scout_import.py::test_archive_paths_are_rejected_preserving_raw[a/../b.json] PASSED [ 81%]
tests/product/test_scout_import.py::test_research_manifest_tamper PASSED [ 82%]
tests/product/test_scout_import.py::test_client_audit_cannot_inject_formal_source PASSED [ 83%]
tests/product/test_scout_import.py::test_original_schema_cannot_use_rc1_direct_source_route PASSED [ 84%]
tests/product/test_scout_import.py::test_old_preview_changed_registry_requires_refresh PASSED [ 86%]
tests/product/test_scout_import.py::test_no_receipt_before_commit_and_failed_tx_rolls_back PASSED [ 87%]
tests/product/test_scout_import.py::test_recompressed_identical_export_reuses_canonical_batch PASSED [ 88%]
tests/product/test_scout_import.py::test_overlong_research_identity_is_bounded PASSED [ 89%]
tests/product/test_scout_import.py::test_existing_source_detail_is_self_contained PASSED [ 90%]
tests/product/test_scout_import.py::test_worker_consumes_bound_brief_and_returns_run_feedback PASSED [ 91%]
tests/product/test_scout_import.py::test_policy_change_prevents_remote_start PASSED [ 92%]
tests/product/test_scout_import.py::test_additive_upgrade_keeps_accounts_and_original_rows PASSED [ 93%]
tests/product/test_scout_import.py::test_non_string_candidate_key_remains_research_not_approvable PASSED [ 94%]
tests/product/test_scout_import.py::test_reverse_proxy_has_matching_source_upload_envelope PASSED [ 95%]
tests/product/test_scout_import.py::test_original_export_custom_research_namespace_preserved PASSED [ 96%]
tests/product/test_worker.py::test_no_credentials_no_claim PASSED        [ 97%]
tests/product/test_worker.py::test_recovery_does_not_prompt_again PASSED [ 98%]
tests/product/test_worker.py::test_source_pause_stops_new_dispatch PASSED [100%]

============================= 93 passed in 49.67s ==============================
